  [4;36;1mSQL (0.2ms)[0m   [0;1mSET NAMES 'utf8'[0m
  [4;35;1mSQL (0.1ms)[0m   [0mSET SQL_AUTO_IS_NULL=0[0m
  [4;36;1mSQL (0.3ms)[0m   [0;1mSHOW TABLES[0m
  [4;35;1mSQL (160.1ms)[0m   [0mCREATE TABLE `schema_migrations` (`version` varchar(255) NOT NULL) ENGINE=InnoDB[0m
  [4;36;1mSQL (157.9ms)[0m   [0;1mCREATE UNIQUE INDEX `unique_schema_migrations` ON `schema_migrations` (`version`)[0m
  [4;35;1mSQL (0.4ms)[0m   [0mSHOW TABLES[0m
  [4;36;1mSQL (0.4ms)[0m   [0;1mSELECT version FROM schema_migrations[0m
Migrating to CreatePeople (7)
  [4;35;1mSQL (2.5ms)[0m   [0mCREATE TABLE `people` (`id` int(11) DEFAULT NULL auto_increment PRIMARY KEY, `fullname` varchar(255) NOT NULL) ENGINE=MyISAM, CHARACTER SET=utf8 COLLATE=utf8_general_ci[0m
  [4;36;1mSQL (4.2ms)[0m   [0;1mCREATE UNIQUE INDEX `index_people_on_fullname` ON `people` (`fullname`)[0m
  [4;35;1mSQL (0.8ms)[0m   [0mINSERT INTO schema_migrations (version) VALUES ('7')[0m
Migrating to CreateLanguages (12)
  [4;36;1mSQL (1.8ms)[0m   [0;1mCREATE TABLE `languages` (`id` int(11) DEFAULT NULL auto_increment PRIMARY KEY, `title` varchar(100) NOT NULL, `code` varchar(3) NOT NULL, `locale` varchar(6) NOT NULL, `unicode_codepoint_start` int(11), `unicode_codepoint_end` int(11), `use_for_interface` tinyint(1) DEFAULT 0 NOT NULL) ENGINE=MyISAM, CHARACTER SET=utf8 COLLATE=utf8_general_ci[0m
  [4;35;1mComplexScripts::Language Columns (2.3ms)[0m   [0mSHOW FIELDS FROM `languages`[0m
  [4;36;1mSQL (0.1ms)[0m   [0;1mBEGIN[0m
  [4;35;1mComplexScripts::Language Create (0.3ms)[0m   [0mINSERT INTO `languages` (`title`, `code`, `use_for_interface`, `unicode_codepoint_start`, `locale`, `unicode_codepoint_end`) VALUES('English', 'eng', 1, NULL, 'eng-US', NULL)[0m
  [4;36;1mSQL (0.1ms)[0m   [0;1mCOMMIT[0m
  [4;35;1mSQL (0.1ms)[0m   [0mBEGIN[0m
  [4;36;1mComplexScripts::Language Create (0.2ms)[0m   [0;1mINSERT INTO `languages` (`title`, `code`, `use_for_interface`, `unicode_codepoint_start`, `locale`, `unicode_codepoint_end`) VALUES('Tibetan', 'bod', 0, 3840, 'bod-CN', 4095)[0m
  [4;35;1mSQL (0.1ms)[0m   [0mCOMMIT[0m
  [4;36;1mSQL (0.1ms)[0m   [0;1mBEGIN[0m
  [4;35;1mComplexScripts::Language Create (0.7ms)[0m   [0mINSERT INTO `languages` (`title`, `code`, `use_for_interface`, `unicode_codepoint_start`, `locale`, `unicode_codepoint_end`) VALUES('Dzongkha', 'dzo', 0, NULL, 'dzo-BT', NULL)[0m
  [4;36;1mSQL (0.1ms)[0m   [0;1mCOMMIT[0m
  [4;35;1mSQL (0.1ms)[0m   [0mBEGIN[0m
  [4;36;1mComplexScripts::Language Create (0.2ms)[0m   [0;1mINSERT INTO `languages` (`title`, `code`, `use_for_interface`, `unicode_codepoint_start`, `locale`, `unicode_codepoint_end`) VALUES('Nepali', 'nep', 0, 2304, 'nep-NP', 2431)[0m
  [4;35;1mSQL (0.1ms)[0m   [0mCOMMIT[0m
  [4;36;1mSQL (0.1ms)[0m   [0;1mBEGIN[0m
  [4;35;1mComplexScripts::Language Create (0.2ms)[0m   [0mINSERT INTO `languages` (`title`, `code`, `use_for_interface`, `unicode_codepoint_start`, `locale`, `unicode_codepoint_end`) VALUES('Jerung', 'jee', 0, NULL, 'jee-NP', NULL)[0m
  [4;36;1mSQL (0.1ms)[0m   [0;1mCOMMIT[0m
  [4;35;1mSQL (0.1ms)[0m   [0mBEGIN[0m
  [4;36;1mComplexScripts::Language Create (0.2ms)[0m   [0;1mINSERT INTO `languages` (`title`, `code`, `use_for_interface`, `unicode_codepoint_start`, `locale`, `unicode_codepoint_end`) VALUES('Wambule', 'wme', 0, NULL, 'wme-NP', NULL)[0m
  [4;35;1mSQL (0.1ms)[0m   [0mCOMMIT[0m
  [4;36;1mSQL (0.1ms)[0m   [0;1mBEGIN[0m
  [4;35;1mComplexScripts::Language Create (0.2ms)[0m   [0mINSERT INTO `languages` (`title`, `code`, `use_for_interface`, `unicode_codepoint_start`, `locale`, `unicode_codepoint_end`) VALUES('Thangmi', 'thf', 0, NULL, 'thf-NP', NULL)[0m
  [4;36;1mSQL (0.1ms)[0m   [0;1mCOMMIT[0m
  [4;35;1mSQL (0.1ms)[0m   [0mBEGIN[0m
  [4;36;1mComplexScripts::Language Create (0.2ms)[0m   [0;1mINSERT INTO `languages` (`title`, `code`, `use_for_interface`, `unicode_codepoint_start`, `locale`, `unicode_codepoint_end`) VALUES('Sanskrit', 'san', 0, NULL, 'san-IN', NULL)[0m
  [4;35;1mSQL (0.1ms)[0m   [0mCOMMIT[0m
  [4;36;1mSQL (0.9ms)[0m   [0;1mINSERT INTO schema_migrations (version) VALUES ('12')[0m
Migrating to CreateUsers (25)
  [4;35;1mSQL (2.1ms)[0m   [0mCREATE TABLE `users` (`id` int(11) DEFAULT NULL auto_increment PRIMARY KEY, `person_id` int(11), `login` varchar(80) NOT NULL, `crypted_password` varchar(40) NOT NULL, `email` varchar(255), `salt` varchar(40), `created_at` datetime, `updated_at` datetime, `remember_token` varchar(255), `remember_token_expires_at` datetime) ENGINE=MyISAM, CHARACTER SET=utf8 COLLATE=utf8_general_ci[0m
  [4;36;1mSQL (3.2ms)[0m   [0;1mCREATE UNIQUE INDEX `index_users_on_login` ON `users` (`login`)[0m
  [4;35;1mUser Columns (1.7ms)[0m   [0mSHOW FIELDS FROM `users`[0m
  [4;36;1mSQL (0.1ms)[0m   [0;1mBEGIN[0m
  [4;35;1mUser Load (26.3ms)[0m   [0mSELECT `users`.id FROM `users` WHERE (LOWER(`users`.`login`) = BINARY 'root') LIMIT 1[0m
  [4;36;1mUser Load (0.3ms)[0m   [0;1mSELECT `users`.id FROM `users` WHERE (LOWER(`users`.`email`) = BINARY 'root@root') LIMIT 1[0m
  [4;35;1mUser Create (0.4ms)[0m   [0mINSERT INTO `users` (`salt`, `created_at`, `crypted_password`, `remember_token_expires_at`, `updated_at`, `person_id`, `remember_token`, `login`, `email`) VALUES('b991dfad58a765873bd4975ff5592a1559fa8579', '2010-04-06 23:11:38', 'b05495d0db88e1324a208140f22ea9f397517263', NULL, '2010-04-06 23:11:38', NULL, NULL, 'root', 'root@root')[0m
  [4;36;1mSQL (0.1ms)[0m   [0;1mCOMMIT[0m
  [4;35;1mSQL (0.8ms)[0m   [0mINSERT INTO schema_migrations (version) VALUES ('25')[0m
Migrating to CreateRolesUsers (26)
  [4;36;1mSQL (1.9ms)[0m   [0;1mCREATE TABLE `roles_users` (`role_id` int(11) NOT NULL, `user_id` int(11) NOT NULL) ENGINE=MyISAM, CHARACTER SET=utf8 COLLATE=utf8_general_ci[0m
  [4;35;1mSQL (3.6ms)[0m   [0mCREATE UNIQUE INDEX `index_roles_users_on_role_id_and_user_id` ON `roles_users` (`role_id`, `user_id`)[0m
  [4;36;1mSQL (0.8ms)[0m   [0;1mINSERT INTO schema_migrations (version) VALUES ('26')[0m
Migrating to CreatePermissionsRoles (27)
  [4;35;1mSQL (2.2ms)[0m   [0mCREATE TABLE `permissions_roles` (`permission_id` int(11) NOT NULL, `role_id` int(11) NOT NULL) ENGINE=MyISAM, CHARACTER SET=utf8 COLLATE=utf8_general_ci[0m
  [4;36;1mSQL (3.4ms)[0m   [0;1mCREATE UNIQUE INDEX `index_permissions_roles_on_permission_id_and_role_id` ON `permissions_roles` (`permission_id`, `role_id`)[0m
  [4;35;1mSQL (0.8ms)[0m   [0mINSERT INTO schema_migrations (version) VALUES ('27')[0m
Migrating to CreateRoles (28)
  [4;36;1mSQL (2.1ms)[0m   [0;1mCREATE TABLE `roles` (`id` int(11) DEFAULT NULL auto_increment PRIMARY KEY, `title` varchar(20) NOT NULL, `description` text) ENGINE=MyISAM, CHARACTER SET=utf8 COLLATE=utf8_general_ci[0m
  [4;35;1mSQL (3.9ms)[0m   [0mCREATE UNIQUE INDEX `index_roles_on_title` ON `roles` (`title`)[0m
  [4;36;1mRole Columns (3.4ms)[0m   [0;1mSHOW FIELDS FROM `roles`[0m
  [4;35;1mSQL (1.1ms)[0m   [0mBEGIN[0m
  [4;36;1mRole Create (0.5ms)[0m   [0;1mINSERT INTO `roles` (`title`, `description`) VALUES('System Administrator', NULL)[0m
  [4;35;1mSQL (0.1ms)[0m   [0mCOMMIT[0m
  [4;36;1mUser Load (0.2ms)[0m   [0;1mSELECT * FROM `users` WHERE (`users`.`id` = 1) [0m
  [4;35;1mSQL (0.1ms)[0m   [0mBEGIN[0m
  [4;36;1mSQL (2.4ms)[0m   [0;1mdescribe `roles_users`[0m
  [4;35;1mroles_users Columns (2.6ms)[0m   [0mSHOW FIELDS FROM `roles_users`[0m
  [4;36;1mSQL (0.3ms)[0m   [0;1mINSERT INTO `roles_users` (`role_id`, `user_id`) VALUES (1, 1)[0m
  [4;35;1mSQL (0.1ms)[0m   [0mCOMMIT[0m
  [4;36;1mSQL (0.9ms)[0m   [0;1mINSERT INTO schema_migrations (version) VALUES ('28')[0m
Migrating to CreatePermissions (29)
  [4;35;1mSQL (2.1ms)[0m   [0mCREATE TABLE `permissions` (`id` int(11) DEFAULT NULL auto_increment PRIMARY KEY, `title` varchar(60) NOT NULL, `description` text) ENGINE=MyISAM, CHARACTER SET=utf8 COLLATE=utf8_general_ci[0m
  [4;36;1mSQL (3.3ms)[0m   [0;1mCREATE UNIQUE INDEX `index_permissions_on_title` ON `permissions` (`title`)[0m
  [4;35;1mRole Load (0.2ms)[0m   [0mSELECT * FROM `roles` WHERE (`roles`.`id` = 1) [0m
  [4;36;1mPermission Columns (1.7ms)[0m   [0;1mSHOW FIELDS FROM `permissions`[0m
  [4;35;1mSQL (0.1ms)[0m   [0mBEGIN[0m
  [4;36;1mPermission Create (0.2ms)[0m   [0;1mINSERT INTO `permissions` (`title`, `description`) VALUES('roles/index', NULL)[0m
  [4;35;1mSQL (0.1ms)[0m   [0mCOMMIT[0m
  [4;36;1mSQL (0.1ms)[0m   [0;1mBEGIN[0m
  [4;35;1mSQL (1.3ms)[0m   [0mdescribe `permissions_roles`[0m
  [4;36;1mpermissions_roles Columns (1.5ms)[0m   [0;1mSHOW FIELDS FROM `permissions_roles`[0m
  [4;35;1mSQL (0.3ms)[0m   [0mINSERT INTO `permissions_roles` (`permission_id`, `role_id`) VALUES (1, 1)[0m
  [4;36;1mSQL (0.1ms)[0m   [0;1mCOMMIT[0m
  [4;35;1mSQL (0.1ms)[0m   [0mBEGIN[0m
  [4;36;1mPermission Create (0.2ms)[0m   [0;1mINSERT INTO `permissions` (`title`, `description`) VALUES('roles/show', NULL)[0m
  [4;35;1mSQL (0.1ms)[0m   [0mCOMMIT[0m
  [4;36;1mSQL (0.1ms)[0m   [0;1mBEGIN[0m
  [4;35;1mSQL (1.7ms)[0m   [0mdescribe `permissions_roles`[0m
  [4;36;1mSQL (0.6ms)[0m   [0;1mINSERT INTO `permissions_roles` (`permission_id`, `role_id`) VALUES (2, 1)[0m
  [4;35;1mSQL (0.1ms)[0m   [0mCOMMIT[0m
  [4;36;1mSQL (0.1ms)[0m   [0;1mBEGIN[0m
  [4;35;1mPermission Create (0.4ms)[0m   [0mINSERT INTO `permissions` (`title`, `description`) VALUES('roles/edit', NULL)[0m
  [4;36;1mSQL (0.2ms)[0m   [0;1mCOMMIT[0m
  [4;35;1mSQL (0.1ms)[0m   [0mBEGIN[0m
  [4;36;1mSQL (2.2ms)[0m   [0;1mdescribe `permissions_roles`[0m
  [4;35;1mSQL (5.2ms)[0m   [0mINSERT INTO `permissions_roles` (`permission_id`, `role_id`) VALUES (3, 1)[0m
  [4;36;1mSQL (0.1ms)[0m   [0;1mCOMMIT[0m
  [4;35;1mSQL (0.1ms)[0m   [0mBEGIN[0m
  [4;36;1mPermission Create (0.2ms)[0m   [0;1mINSERT INTO `permissions` (`title`, `description`) VALUES('roles/update', NULL)[0m
  [4;35;1mSQL (0.1ms)[0m   [0mCOMMIT[0m
  [4;36;1mSQL (0.1ms)[0m   [0;1mBEGIN[0m
  [4;35;1mSQL (2.1ms)[0m   [0mdescribe `permissions_roles`[0m
  [4;36;1mSQL (1.4ms)[0m   [0;1mINSERT INTO `permissions_roles` (`permission_id`, `role_id`) VALUES (4, 1)[0m
  [4;35;1mSQL (0.1ms)[0m   [0mCOMMIT[0m
  [4;36;1mSQL (0.1ms)[0m   [0;1mBEGIN[0m
  [4;35;1mPermission Create (0.2ms)[0m   [0mINSERT INTO `permissions` (`title`, `description`) VALUES('main/admin', NULL)[0m
  [4;36;1mSQL (0.1ms)[0m   [0;1mCOMMIT[0m
  [4;35;1mSQL (0.1ms)[0m   [0mBEGIN[0m
  [4;36;1mSQL (1.9ms)[0m   [0;1mdescribe `permissions_roles`[0m
  [4;35;1mSQL (0.2ms)[0m   [0mINSERT INTO `permissions_roles` (`permission_id`, `role_id`) VALUES (5, 1)[0m
  [4;36;1mSQL (0.1ms)[0m   [0;1mCOMMIT[0m
  [4;35;1mSQL (0.8ms)[0m   [0mINSERT INTO schema_migrations (version) VALUES ('29')[0m
Migrating to AddOpenIdAuthenticationTables (90)
  [4;36;1mSQL (0.4ms)[0m   [0;1mSHOW TABLES[0m
  [4;35;1mSQL (1.6ms)[0m   [0mCREATE TABLE `open_id_authentication_associations` (`id` int(11) DEFAULT NULL auto_increment PRIMARY KEY, `issued` int(11), `lifetime` int(11), `handle` varchar(255), `assoc_type` varchar(255), `server_url` blob, `secret` blob) ENGINE=MyISAM, CHARACTER SET=utf8 COLLATE=utf8_general_ci[0m
  [4;36;1mSQL (0.4ms)[0m   [0;1mSHOW TABLES[0m
  [4;35;1mSQL (22.4ms)[0m   [0mCREATE TABLE `open_id_authentication_nonces` (`id` int(11) DEFAULT NULL auto_increment PRIMARY KEY, `timestamp` int(11) NOT NULL, `server_url` varchar(255) NOT NULL, `salt` varchar(255) NOT NULL) ENGINE=InnoDB[0m
  [4;36;1mSQL (5.5ms)[0m   [0;1mALTER TABLE `users` ADD `identity_url` varchar(255)[0m
  [4;35;1mSQL (0.9ms)[0m   [0mINSERT INTO schema_migrations (version) VALUES ('90')[0m
Migrating to CreateElements (20100406231008)
  [4;36;1mSQL (2.7ms)[0m   [0;1mCREATE TABLE `elements` (`id` int(11) DEFAULT NULL auto_increment PRIMARY KEY, `title` varchar(255), `category_id` int(11), `second_category_id` int(11), `created_at` datetime, `updated_at` datetime) ENGINE=InnoDB[0m
  [4;35;1mSQL (0.6ms)[0m   [0mINSERT INTO schema_migrations (version) VALUES ('20100406231008')[0m
  [4;36;1mSQL (0.4ms)[0m   [0;1mSHOW TABLES[0m
  [4;35;1mSQL (0.2ms)[0m   [0mSELECT version FROM schema_migrations[0m
  [4;36;1mSQL (0.3ms)[0m   [0;1mSHOW TABLES[0m
  [4;35;1mSQL (1.3ms)[0m   [0mSHOW FIELDS FROM `elements`[0m
  [4;36;1mSQL (1.7ms)[0m   [0;1mdescribe `elements`[0m
  [4;35;1mSQL (0.8ms)[0m   [0mSHOW KEYS FROM `elements`[0m
  [4;36;1mSQL (2.4ms)[0m   [0;1mSHOW FIELDS FROM `languages`[0m
  [4;35;1mSQL (8.1ms)[0m   [0mdescribe `languages`[0m
  [4;36;1mSQL (0.4ms)[0m   [0;1mSHOW KEYS FROM `languages`[0m
  [4;35;1mSQL (2.4ms)[0m   [0mSHOW FIELDS FROM `open_id_authentication_associations`[0m
  [4;36;1mSQL (2.1ms)[0m   [0;1mdescribe `open_id_authentication_associations`[0m
  [4;35;1mSQL (1.3ms)[0m   [0mSHOW KEYS FROM `open_id_authentication_associations`[0m
  [4;36;1mSQL (1.1ms)[0m   [0;1mSHOW FIELDS FROM `open_id_authentication_nonces`[0m
  [4;35;1mSQL (1.5ms)[0m   [0mdescribe `open_id_authentication_nonces`[0m
  [4;36;1mSQL (0.8ms)[0m   [0;1mSHOW KEYS FROM `open_id_authentication_nonces`[0m
  [4;35;1mSQL (1.8ms)[0m   [0mSHOW FIELDS FROM `people`[0m
  [4;36;1mSQL (3.1ms)[0m   [0;1mdescribe `people`[0m
  [4;35;1mSQL (2.2ms)[0m   [0mSHOW KEYS FROM `people`[0m
  [4;36;1mSQL (1.0ms)[0m   [0;1mSHOW FIELDS FROM `permissions`[0m
  [4;35;1mSQL (1.6ms)[0m   [0mdescribe `permissions`[0m
  [4;36;1mSQL (0.4ms)[0m   [0;1mSHOW KEYS FROM `permissions`[0m
  [4;35;1mSQL (1.9ms)[0m   [0mSHOW FIELDS FROM `permissions_roles`[0m
  [4;36;1mSQL (1.6ms)[0m   [0;1mdescribe `permissions_roles`[0m
  [4;35;1mSQL (0.6ms)[0m   [0mSHOW KEYS FROM `permissions_roles`[0m
  [4;36;1mSQL (1.5ms)[0m   [0;1mSHOW FIELDS FROM `roles`[0m
  [4;35;1mSQL (1.2ms)[0m   [0mdescribe `roles`[0m
  [4;36;1mSQL (1.2ms)[0m   [0;1mSHOW KEYS FROM `roles`[0m
  [4;35;1mSQL (1.3ms)[0m   [0mSHOW FIELDS FROM `roles_users`[0m
  [4;36;1mSQL (1.8ms)[0m   [0;1mdescribe `roles_users`[0m
  [4;35;1mSQL (0.4ms)[0m   [0mSHOW KEYS FROM `roles_users`[0m
  [4;36;1mSQL (2.0ms)[0m   [0;1mSHOW FIELDS FROM `users`[0m
  [4;35;1mSQL (2.5ms)[0m   [0mdescribe `users`[0m
  [4;36;1mSQL (0.8ms)[0m   [0;1mSHOW KEYS FROM `users`[0m
OpenIdAuthentication.store is nil. Using in-memory store.
  [4;36;1mSQL (0.2ms)[0m   [0;1mSET NAMES 'utf8'[0m
  [4;35;1mSQL (0.1ms)[0m   [0mSET SQL_AUTO_IS_NULL=0[0m


Processing ElementsController#index (for 127.0.0.1 at 2010-04-06 17:22:16) [GET]
  [4;36;1mElement Load (0.3ms)[0m   [0;1mSELECT * FROM `elements` [0m
Rendering template within layouts/elements
Rendering elements/index
Completed in 125ms (View: 83, DB: 1) | 200 OK [http://localhost/]
OpenIdAuthentication.store is nil. Using in-memory store.
  [4;36;1mSQL (0.2ms)[0m   [0;1mSET NAMES 'utf8'[0m
  [4;35;1mSQL (0.1ms)[0m   [0mSET SQL_AUTO_IS_NULL=0[0m


Processing ElementsController#index (for 127.0.0.1 at 2010-04-06 17:22:59) [GET]
  [4;36;1mElement Load (0.5ms)[0m   [0;1mSELECT * FROM `elements` [0m
Rendering template within layouts/application
Rendering elements/index
Rendered sessions/_language_options (1.7ms)
Rendered main/_login_status (1.0ms)
Rendered main/_banner_start (13.1ms)
Rendered main/_flash_notice (0.5ms)
Rendered main/_header (26.0ms)
Rendered main/_footer (1.1ms)
Rendered main/_layout (37.2ms)
Completed in 154ms (View: 140, DB: 1) | 200 OK [http://localhost/]
OpenIdAuthentication.store is nil. Using in-memory store.
  [4;35;1mSQL (0.1ms)[0m   [0mSET NAMES 'utf8'[0m
  [4;36;1mSQL (0.1ms)[0m   [0;1mSET SQL_AUTO_IS_NULL=0[0m


Processing ElementsController#new (for 127.0.0.1 at 2010-04-06 17:23:23) [GET]
Redirected to http://localhost:3000/
Filter chain halted as [:authorize] rendered_or_redirected.
Completed in 84ms (DB: 0) | 302 Found [http://localhost/elements/new]
OpenIdAuthentication.store is nil. Using in-memory store.
  [4;35;1mSQL (0.1ms)[0m   [0mSET NAMES 'utf8'[0m
  [4;36;1mSQL (0.1ms)[0m   [0;1mSET SQL_AUTO_IS_NULL=0[0m


Processing ElementsController#index (for 127.0.0.1 at 2010-04-06 17:23:23) [GET]
  [4;35;1mElement Load (0.3ms)[0m   [0mSELECT * FROM `elements` [0m
Rendering template within layouts/application
Rendering elements/index
Rendered sessions/_language_options (1.6ms)
Rendered main/_login_status (0.5ms)
Rendered main/_banner_start (4.2ms)
Rendered main/_flash_notice (0.1ms)
Rendered main/_header (8.5ms)
Rendered main/_footer (0.5ms)
Rendered main/_layout (10.0ms)
Completed in 24ms (View: 13, DB: 1) | 200 OK [http://localhost/]
OpenIdAuthentication.store is nil. Using in-memory store.
  [4;36;1mSQL (0.1ms)[0m   [0;1mSET NAMES 'utf8'[0m
  [4;35;1mSQL (0.1ms)[0m   [0mSET SQL_AUTO_IS_NULL=0[0m


Processing AuthenticatedSystem::SessionsController#new (for 127.0.0.1 at 2010-04-06 17:23:29) [GET]
Rendering template within layouts/application
Rendering authenticated_system/sessions/new
Rendered sessions/_language_options (1.1ms)
Rendered main/_login_status (0.3ms)
Rendered main/_banner_start (2.6ms)
Rendered main/_flash_notice (0.1ms)
Rendered main/_header (5.1ms)
Rendered main/_footer (0.4ms)
Rendered main/_layout (6.2ms)
Completed in 31ms (View: 23, DB: 0) | 200 OK [http://localhost/authenticated_system/login]
OpenIdAuthentication.store is nil. Using in-memory store.
  [4;36;1mSQL (0.2ms)[0m   [0;1mSET NAMES 'utf8'[0m
  [4;35;1mSQL (0.1ms)[0m   [0mSET SQL_AUTO_IS_NULL=0[0m


Processing AuthenticatedSystem::SessionsController#create (for 127.0.0.1 at 2010-04-06 17:23:44) [POST]
  Parameters: {"openid_url"=>"", "remember_me"=>"1", "commit"=>"Sign in", "authenticity_token"=>"GatXvMSHAQ/FXwCMPDQFYzZF/YIBBugmcjlvlHbhi1E=", "login"=>"rubyuser", "password"=>"rubydude"}
  [4;36;1mUser Columns (3.6ms)[0m   [0;1mSHOW FIELDS FROM `users`[0m
  [4;35;1mUser Load (4.2ms)[0m   [0mSELECT * FROM `users` WHERE (`users`.`login` = 'rubyuser') LIMIT 1[0m
Redirected to http://localhost:3000/authenticated_system/session/new
Completed in 24ms (DB: 8) | 302 Found [http://localhost/authenticated_system/session]
OpenIdAuthentication.store is nil. Using in-memory store.
  [4;36;1mSQL (0.1ms)[0m   [0;1mSET NAMES 'utf8'[0m
  [4;35;1mSQL (0.1ms)[0m   [0mSET SQL_AUTO_IS_NULL=0[0m


Processing AuthenticatedSystem::SessionsController#new (for 127.0.0.1 at 2010-04-06 17:23:44) [GET]
Rendering template within layouts/application
Rendering authenticated_system/sessions/new
Rendered sessions/_language_options (1.1ms)
Rendered main/_login_status (0.4ms)
Rendered main/_banner_start (2.7ms)
Rendered main/_flash_notice (0.1ms)
Rendered main/_header (5.7ms)
Rendered main/_footer (0.4ms)
Rendered main/_layout (6.9ms)
Completed in 20ms (View: 13, DB: 0) | 200 OK [http://localhost/authenticated_system/session/new]
OpenIdAuthentication.store is nil. Using in-memory store.
  [4;36;1mSQL (0.1ms)[0m   [0;1mSET NAMES 'utf8'[0m
  [4;35;1mSQL (0.1ms)[0m   [0mSET SQL_AUTO_IS_NULL=0[0m


Processing AuthenticatedSystem::SessionsController#create (for 127.0.0.1 at 2010-04-06 17:24:01) [POST]
  Parameters: {"openid_url"=>"", "remember_me"=>"1", "commit"=>"Sign in", "authenticity_token"=>"GatXvMSHAQ/FXwCMPDQFYzZF/YIBBugmcjlvlHbhi1E=", "login"=>"root", "password"=>"rootdude"}
  [4;36;1mUser Load (0.6ms)[0m   [0;1mSELECT * FROM `users` WHERE (`users`.`login` = 'root') LIMIT 1[0m
  [4;35;1mSQL (0.2ms)[0m   [0mBEGIN[0m
  [4;36;1mUser Update (0.4ms)[0m   [0;1mUPDATE `users` SET `updated_at` = '2010-04-06 23:24:01', `remember_token_expires_at` = '2010-04-20 23:24:01', `remember_token` = '38486dd6a574d667afa82eb80c0132d9cfe859ff' WHERE `id` = 1[0m
  [4;35;1mSQL (0.1ms)[0m   [0mCOMMIT[0m
Redirected to http://localhost:3000/
Completed in 292ms (DB: 1) | 302 Found [http://localhost/authenticated_system/session]
OpenIdAuthentication.store is nil. Using in-memory store.
  [4;36;1mSQL (0.1ms)[0m   [0;1mSET NAMES 'utf8'[0m
  [4;35;1mSQL (0.1ms)[0m   [0mSET SQL_AUTO_IS_NULL=0[0m


Processing ElementsController#index (for 127.0.0.1 at 2010-04-06 17:24:01) [GET]
  [4;36;1mElement Load (0.3ms)[0m   [0;1mSELECT * FROM `elements` [0m
Rendering template within layouts/application
Rendering elements/index
Rendered sessions/_language_options (1.5ms)
  [4;35;1mUser Load (0.4ms)[0m   [0mSELECT * FROM `users` WHERE (`users`.`id` = 1) LIMIT 1[0m
Rendered main/_login_status (2.8ms)
Rendered main/_banner_start (6.4ms)
Rendered main/_flash_notice (0.1ms)
Rendered main/_header (9.8ms)
Rendered main/_footer (0.5ms)
Rendered main/_layout (11.5ms)
Completed in 25ms (View: 13, DB: 1) | 200 OK [http://localhost/]
OpenIdAuthentication.store is nil. Using in-memory store.
  [4;36;1mSQL (0.1ms)[0m   [0;1mSET NAMES 'utf8'[0m
  [4;35;1mSQL (0.1ms)[0m   [0mSET SQL_AUTO_IS_NULL=0[0m


Processing RolesController#index (for 127.0.0.1 at 2010-04-06 17:24:30) [GET]
  [4;36;1mUser Load (0.7ms)[0m   [0;1mSELECT * FROM `users` WHERE (`users`.`id` = 1) LIMIT 1[0m
  [4;35;1mPermission Load (32.4ms)[0m   [0mSELECT permissions.* FROM permissions, permissions_roles, roles_users WHERE permissions.id = permissions_roles.permission_id AND permissions_roles.role_id = roles_users.role_id AND roles_users.user_id = 1[0m
  [4;36;1mPermission Columns (1.8ms)[0m   [0;1mSHOW FIELDS FROM `permissions`[0m
  [4;35;1mRole Load (1.2ms)[0m   [0mSELECT * FROM `roles` [0m
Rendering template within layouts/application
Rendering roles/index
  [4;36;1mRole Columns (1.2ms)[0m   [0;1mSHOW FIELDS FROM `roles`[0m
  [4;35;1mCACHE (0.0ms)[0m   [0mSELECT permissions.* FROM permissions, permissions_roles, roles_users WHERE permissions.id = permissions_roles.permission_id AND permissions_roles.role_id = roles_users.role_id AND roles_users.user_id = 1[0m
Rendered sessions/_language_options (1.2ms)
Rendered main/_login_status (0.3ms)
Rendered main/_banner_start (2.8ms)
Rendered main/_flash_notice (0.1ms)
Rendered main/_header (5.3ms)
Rendered main/_footer (0.4ms)
Rendered main/_layout (6.4ms)
Completed in 87ms (View: 17, DB: 37) | 200 OK [http://localhost/roles]
OpenIdAuthentication.store is nil. Using in-memory store.
  [4;36;1mSQL (0.1ms)[0m   [0;1mSET NAMES 'utf8'[0m
  [4;35;1mSQL (0.1ms)[0m   [0mSET SQL_AUTO_IS_NULL=0[0m


Processing RolesController#show (for 127.0.0.1 at 2010-04-06 17:24:32) [GET]
  Parameters: {"id"=>"1"}
  [4;36;1mUser Load (0.3ms)[0m   [0;1mSELECT * FROM `users` WHERE (`users`.`id` = 1) LIMIT 1[0m
  [4;35;1mPermission Load (0.3ms)[0m   [0mSELECT permissions.* FROM permissions, permissions_roles, roles_users WHERE permissions.id = permissions_roles.permission_id AND permissions_roles.role_id = roles_users.role_id AND roles_users.user_id = 1[0m
  [4;36;1mRole Load (0.2ms)[0m   [0;1mSELECT * FROM `roles` WHERE (`roles`.`id` = 1) [0m
Rendering template within layouts/application
Rendering roles/show
  [4;35;1mpermissions_roles Columns (1.4ms)[0m   [0mSHOW FIELDS FROM `permissions_roles`[0m
  [4;36;1mPermission Load (1.3ms)[0m   [0;1mSELECT * FROM `permissions` INNER JOIN `permissions_roles` ON `permissions`.id = `permissions_roles`.permission_id WHERE (`permissions_roles`.role_id = 1 ) ORDER BY title[0m
  [4;35;1mCACHE (0.0ms)[0m   [0mSELECT permissions.* FROM permissions, permissions_roles, roles_users WHERE permissions.id = permissions_roles.permission_id AND permissions_roles.role_id = roles_users.role_id AND roles_users.user_id = 1[0m
Rendered roles/_persistent_links (1.7ms)
Rendered sessions/_language_options (1.1ms)
Rendered main/_login_status (0.2ms)
Rendered main/_banner_start (2.6ms)
Rendered main/_flash_notice (0.1ms)
Rendered main/_header (5.3ms)
Rendered main/_footer (0.4ms)
Rendered main/_layout (6.7ms)
Completed in 114ms (View: 101, DB: 4) | 200 OK [http://localhost/roles/1]
OpenIdAuthentication.store is nil. Using in-memory store.
  [4;36;1mSQL (0.1ms)[0m   [0;1mSET NAMES 'utf8'[0m
  [4;35;1mSQL (0.1ms)[0m   [0mSET SQL_AUTO_IS_NULL=0[0m


Processing RolesController#edit (for 127.0.0.1 at 2010-04-06 17:24:37) [GET]
  Parameters: {"id"=>"1"}
  [4;36;1mUser Load (0.3ms)[0m   [0;1mSELECT * FROM `users` WHERE (`users`.`id` = 1) LIMIT 1[0m
  [4;35;1mPermission Load (0.3ms)[0m   [0mSELECT permissions.* FROM permissions, permissions_roles, roles_users WHERE permissions.id = permissions_roles.permission_id AND permissions_roles.role_id = roles_users.role_id AND roles_users.user_id = 1[0m
  [4;36;1mRole Load (0.2ms)[0m   [0;1mSELECT * FROM `roles` WHERE (`roles`.`id` = 1) [0m
  [4;35;1mPermission Load (0.3ms)[0m   [0mSELECT * FROM `permissions` [0m
  [4;36;1mSQL (0.1ms)[0m   [0;1mBEGIN[0m
  [4;35;1mPermission Create (0.2ms)[0m   [0mINSERT INTO `permissions` (`title`, `description`) VALUES('roles/new', NULL)[0m
  [4;36;1mSQL (0.1ms)[0m   [0;1mCOMMIT[0m
  [4;35;1mSQL (0.1ms)[0m   [0mBEGIN[0m
  [4;36;1mPermission Create (0.2ms)[0m   [0;1mINSERT INTO `permissions` (`title`, `description`) VALUES('roles/create', NULL)[0m
  [4;35;1mSQL (0.1ms)[0m   [0mCOMMIT[0m
  [4;36;1mSQL (0.1ms)[0m   [0;1mBEGIN[0m
  [4;35;1mPermission Create (0.2ms)[0m   [0mINSERT INTO `permissions` (`title`, `description`) VALUES('roles/destroy', NULL)[0m
  [4;36;1mSQL (0.1ms)[0m   [0;1mCOMMIT[0m
  [4;35;1mSQL (0.1ms)[0m   [0mBEGIN[0m
  [4;36;1mPermission Create (0.2ms)[0m   [0;1mINSERT INTO `permissions` (`title`, `description`) VALUES('elements/index', NULL)[0m
  [4;35;1mSQL (0.1ms)[0m   [0mCOMMIT[0m
  [4;36;1mSQL (0.1ms)[0m   [0;1mBEGIN[0m
  [4;35;1mPermission Create (0.2ms)[0m   [0mINSERT INTO `permissions` (`title`, `description`) VALUES('elements/show', NULL)[0m
  [4;36;1mSQL (0.1ms)[0m   [0;1mCOMMIT[0m
  [4;35;1mSQL (0.1ms)[0m   [0mBEGIN[0m
  [4;36;1mPermission Create (0.2ms)[0m   [0;1mINSERT INTO `permissions` (`title`, `description`) VALUES('elements/update', NULL)[0m
  [4;35;1mSQL (0.1ms)[0m   [0mCOMMIT[0m
  [4;36;1mSQL (0.1ms)[0m   [0;1mBEGIN[0m
  [4;35;1mPermission Create (0.2ms)[0m   [0mINSERT INTO `permissions` (`title`, `description`) VALUES('elements/edit', NULL)[0m
  [4;36;1mSQL (0.1ms)[0m   [0;1mCOMMIT[0m
  [4;35;1mSQL (0.1ms)[0m   [0mBEGIN[0m
  [4;36;1mPermission Create (0.2ms)[0m   [0;1mINSERT INTO `permissions` (`title`, `description`) VALUES('elements/new', NULL)[0m
  [4;35;1mSQL (0.1ms)[0m   [0mCOMMIT[0m
  [4;36;1mSQL (0.1ms)[0m   [0;1mBEGIN[0m
  [4;35;1mPermission Create (0.2ms)[0m   [0mINSERT INTO `permissions` (`title`, `description`) VALUES('elements/create', NULL)[0m
  [4;36;1mSQL (0.1ms)[0m   [0;1mCOMMIT[0m
  [4;35;1mSQL (0.1ms)[0m   [0mBEGIN[0m
  [4;36;1mPermission Create (0.2ms)[0m   [0;1mINSERT INTO `permissions` (`title`, `description`) VALUES('elements/destroy', NULL)[0m
  [4;35;1mSQL (0.1ms)[0m   [0mCOMMIT[0m
  [4;36;1mSQL (0.1ms)[0m   [0;1mBEGIN[0m
  [4;35;1mPermission Create (0.2ms)[0m   [0mINSERT INTO `permissions` (`title`, `description`) VALUES('languages/index', NULL)[0m
  [4;36;1mSQL (0.1ms)[0m   [0;1mCOMMIT[0m
  [4;35;1mSQL (0.1ms)[0m   [0mBEGIN[0m
  [4;36;1mPermission Create (0.2ms)[0m   [0;1mINSERT INTO `permissions` (`title`, `description`) VALUES('languages/show', NULL)[0m
  [4;35;1mSQL (0.1ms)[0m   [0mCOMMIT[0m
  [4;36;1mSQL (0.1ms)[0m   [0;1mBEGIN[0m
  [4;35;1mPermission Create (0.2ms)[0m   [0mINSERT INTO `permissions` (`title`, `description`) VALUES('languages/update', NULL)[0m
  [4;36;1mSQL (0.1ms)[0m   [0;1mCOMMIT[0m
  [4;35;1mSQL (0.1ms)[0m   [0mBEGIN[0m
  [4;36;1mPermission Create (0.2ms)[0m   [0;1mINSERT INTO `permissions` (`title`, `description`) VALUES('languages/edit', NULL)[0m
  [4;35;1mSQL (0.1ms)[0m   [0mCOMMIT[0m
  [4;36;1mSQL (0.1ms)[0m   [0;1mBEGIN[0m
  [4;35;1mPermission Create (0.2ms)[0m   [0mINSERT INTO `permissions` (`title`, `description`) VALUES('languages/new', NULL)[0m
  [4;36;1mSQL (0.1ms)[0m   [0;1mCOMMIT[0m
  [4;35;1mSQL (0.1ms)[0m   [0mBEGIN[0m
  [4;36;1mPermission Create (0.1ms)[0m   [0;1mINSERT INTO `permissions` (`title`, `description`) VALUES('languages/create', NULL)[0m
  [4;35;1mSQL (0.1ms)[0m   [0mCOMMIT[0m
  [4;36;1mSQL (0.1ms)[0m   [0;1mBEGIN[0m
  [4;35;1mPermission Create (0.2ms)[0m   [0mINSERT INTO `permissions` (`title`, `description`) VALUES('languages/destroy', NULL)[0m
  [4;36;1mSQL (0.1ms)[0m   [0;1mCOMMIT[0m
  [4;35;1mSQL (0.1ms)[0m   [0mBEGIN[0m
  [4;36;1mPermission Create (0.2ms)[0m   [0;1mINSERT INTO `permissions` (`title`, `description`) VALUES('users/index', NULL)[0m
  [4;35;1mSQL (0.1ms)[0m   [0mCOMMIT[0m
  [4;36;1mSQL (0.1ms)[0m   [0;1mBEGIN[0m
  [4;35;1mPermission Create (0.2ms)[0m   [0mINSERT INTO `permissions` (`title`, `description`) VALUES('users/show', NULL)[0m
  [4;36;1mSQL (0.1ms)[0m   [0;1mCOMMIT[0m
  [4;35;1mSQL (0.1ms)[0m   [0mBEGIN[0m
  [4;36;1mPermission Create (0.2ms)[0m   [0;1mINSERT INTO `permissions` (`title`, `description`) VALUES('users/openid_new', NULL)[0m
  [4;35;1mSQL (0.1ms)[0m   [0mCOMMIT[0m
  [4;36;1mSQL (0.1ms)[0m   [0;1mBEGIN[0m
  [4;35;1mPermission Create (0.2ms)[0m   [0mINSERT INTO `permissions` (`title`, `description`) VALUES('users/update', NULL)[0m
  [4;36;1mSQL (0.1ms)[0m   [0;1mCOMMIT[0m
  [4;35;1mSQL (0.1ms)[0m   [0mBEGIN[0m
  [4;36;1mPermission Create (0.2ms)[0m   [0;1mINSERT INTO `permissions` (`title`, `description`) VALUES('users/edit', NULL)[0m
  [4;35;1mSQL (0.1ms)[0m   [0mCOMMIT[0m
  [4;36;1mSQL (0.1ms)[0m   [0;1mBEGIN[0m
  [4;35;1mPermission Create (0.2ms)[0m   [0mINSERT INTO `permissions` (`title`, `description`) VALUES('users/new', NULL)[0m
  [4;36;1mSQL (0.1ms)[0m   [0;1mCOMMIT[0m
  [4;35;1mSQL (0.1ms)[0m   [0mBEGIN[0m
  [4;36;1mPermission Create (0.2ms)[0m   [0;1mINSERT INTO `permissions` (`title`, `description`) VALUES('users/create', NULL)[0m
  [4;35;1mSQL (0.1ms)[0m   [0mCOMMIT[0m
  [4;36;1mSQL (0.1ms)[0m   [0;1mBEGIN[0m
  [4;35;1mPermission Create (0.2ms)[0m   [0mINSERT INTO `permissions` (`title`, `description`) VALUES('users/destroy', NULL)[0m
  [4;36;1mSQL (0.1ms)[0m   [0;1mCOMMIT[0m
  [4;35;1mSQL (0.1ms)[0m   [0mBEGIN[0m
  [4;36;1mPermission Create (0.2ms)[0m   [0;1mINSERT INTO `permissions` (`title`, `description`) VALUES('permissions/index', NULL)[0m
  [4;35;1mSQL (0.1ms)[0m   [0mCOMMIT[0m
  [4;36;1mSQL (0.1ms)[0m   [0;1mBEGIN[0m
  [4;35;1mPermission Create (0.2ms)[0m   [0mINSERT INTO `permissions` (`title`, `description`) VALUES('permissions/show', NULL)[0m
  [4;36;1mSQL (0.1ms)[0m   [0;1mCOMMIT[0m
  [4;35;1mSQL (0.1ms)[0m   [0mBEGIN[0m
  [4;36;1mPermission Create (0.2ms)[0m   [0;1mINSERT INTO `permissions` (`title`, `description`) VALUES('permissions/update', NULL)[0m
  [4;35;1mSQL (0.1ms)[0m   [0mCOMMIT[0m
  [4;36;1mSQL (0.1ms)[0m   [0;1mBEGIN[0m
  [4;35;1mPermission Create (0.2ms)[0m   [0mINSERT INTO `permissions` (`title`, `description`) VALUES('permissions/edit', NULL)[0m
  [4;36;1mSQL (0.1ms)[0m   [0;1mCOMMIT[0m
  [4;35;1mSQL (0.1ms)[0m   [0mBEGIN[0m
  [4;36;1mPermission Create (0.1ms)[0m   [0;1mINSERT INTO `permissions` (`title`, `description`) VALUES('permissions/new', NULL)[0m
  [4;35;1mSQL (0.1ms)[0m   [0mCOMMIT[0m
  [4;36;1mSQL (0.1ms)[0m   [0;1mBEGIN[0m
  [4;35;1mPermission Create (0.2ms)[0m   [0mINSERT INTO `permissions` (`title`, `description`) VALUES('permissions/create', NULL)[0m
  [4;36;1mSQL (0.1ms)[0m   [0;1mCOMMIT[0m
  [4;35;1mSQL (0.1ms)[0m   [0mBEGIN[0m
  [4;36;1mPermission Create (0.2ms)[0m   [0;1mINSERT INTO `permissions` (`title`, `description`) VALUES('permissions/destroy', NULL)[0m
  [4;35;1mSQL (0.1ms)[0m   [0mCOMMIT[0m
  [4;36;1mSQL (0.1ms)[0m   [0;1mBEGIN[0m
  [4;35;1mPermission Create (0.2ms)[0m   [0mINSERT INTO `permissions` (`title`, `description`) VALUES('people/index', NULL)[0m
  [4;36;1mSQL (0.1ms)[0m   [0;1mCOMMIT[0m
  [4;35;1mSQL (0.1ms)[0m   [0mBEGIN[0m
  [4;36;1mPermission Create (0.2ms)[0m   [0;1mINSERT INTO `permissions` (`title`, `description`) VALUES('people/show', NULL)[0m
  [4;35;1mSQL (0.1ms)[0m   [0mCOMMIT[0m
  [4;36;1mSQL (0.1ms)[0m   [0;1mBEGIN[0m
  [4;35;1mPermission Create (0.2ms)[0m   [0mINSERT INTO `permissions` (`title`, `description`) VALUES('people/update', NULL)[0m
  [4;36;1mSQL (0.2ms)[0m   [0;1mCOMMIT[0m
  [4;35;1mSQL (0.1ms)[0m   [0mBEGIN[0m
  [4;36;1mPermission Create (0.2ms)[0m   [0;1mINSERT INTO `permissions` (`title`, `description`) VALUES('people/edit', NULL)[0m
  [4;35;1mSQL (0.1ms)[0m   [0mCOMMIT[0m
  [4;36;1mSQL (0.1ms)[0m   [0;1mBEGIN[0m
  [4;35;1mPermission Create (0.2ms)[0m   [0mINSERT INTO `permissions` (`title`, `description`) VALUES('people/new', NULL)[0m
  [4;36;1mSQL (0.1ms)[0m   [0;1mCOMMIT[0m
  [4;35;1mSQL (0.1ms)[0m   [0mBEGIN[0m
  [4;36;1mPermission Create (0.2ms)[0m   [0;1mINSERT INTO `permissions` (`title`, `description`) VALUES('people/create', NULL)[0m
  [4;35;1mSQL (0.1ms)[0m   [0mCOMMIT[0m
  [4;36;1mSQL (0.1ms)[0m   [0;1mBEGIN[0m
  [4;35;1mPermission Create (0.2ms)[0m   [0mINSERT INTO `permissions` (`title`, `description`) VALUES('people/destroy', NULL)[0m
  [4;36;1mSQL (0.1ms)[0m   [0;1mCOMMIT[0m
  [4;35;1mSQL (0.1ms)[0m   [0mBEGIN[0m
  [4;36;1mpermissions_roles Columns (1.8ms)[0m   [0;1mSHOW FIELDS FROM `permissions_roles`[0m
  [4;35;1mRole Load (0.6ms)[0m   [0mSELECT * FROM `roles` INNER JOIN `permissions_roles` ON `roles`.id = `permissions_roles`.role_id WHERE (`permissions_roles`.permission_id = 5 ) [0m
  [4;36;1mSQL (0.3ms)[0m   [0;1mDELETE FROM `permissions_roles` WHERE permission_id = 5 AND role_id IN (1)[0m
  [4;35;1mPermission Destroy (0.2ms)[0m   [0mDELETE FROM `permissions` WHERE `id` = 5[0m
  [4;36;1mSQL (0.1ms)[0m   [0;1mCOMMIT[0m
  [4;35;1mPermission Load (0.5ms)[0m   [0mSELECT * FROM `permissions` ORDER BY title[0m
Rendering template within layouts/application
Rendering roles/edit
  [4;36;1mPermission Load (1.4ms)[0m   [0;1mSELECT * FROM `permissions` INNER JOIN `permissions_roles` ON `permissions`.id = `permissions_roles`.permission_id WHERE (`permissions_roles`.role_id = 1 ) ORDER BY title[0m
Rendered shared/_double_select (3.1ms)
Rendered roles/_form (13.1ms)
Rendered roles/_persistent_links (1.4ms)
Rendered sessions/_language_options (1.1ms)
Rendered main/_login_status (0.2ms)
Rendered main/_banner_start (2.4ms)
Rendered main/_flash_notice (0.1ms)
Rendered main/_header (5.0ms)
Rendered main/_footer (0.5ms)
Rendered main/_layout (6.1ms)
Completed in 245ms (View: 32, DB: 20) | 200 OK [http://localhost/roles/1/edit]
OpenIdAuthentication.store is nil. Using in-memory store.
  [4;35;1mSQL (0.1ms)[0m   [0mSET NAMES 'utf8'[0m
  [4;36;1mSQL (0.1ms)[0m   [0;1mSET SQL_AUTO_IS_NULL=0[0m


Processing RolesController#update (for 127.0.0.1 at 2010-04-06 17:24:43) [PUT]
  Parameters: {"commit"=>"Save Changes...", "authenticity_token"=>"GatXvMSHAQ/FXwCMPDQFYzZF/YIBBugmcjlvlHbhi1E=", "role"=>{"title"=>"System Administrator", "description"=>""}, "id"=>"1", "associated_options"=>["3", "1", "2", "4", "14", "15", "12", "9", "13", "10", "11", "21", "22", "19", "16", "20", "17", "18", "43", "44", "41", "38", "42", "39", "40", "36", "37", "34", "31", "35", "32", "33", "7", "8", "6", "29", "30", "27", "23", "28", "25", "24", "26"]}
  [4;35;1mUser Load (0.5ms)[0m   [0mSELECT * FROM `users` WHERE (`users`.`id` = 1) LIMIT 1[0m
  [4;36;1mPermission Load (4.2ms)[0m   [0;1mSELECT permissions.* FROM permissions, permissions_roles, roles_users WHERE permissions.id = permissions_roles.permission_id AND permissions_roles.role_id = roles_users.role_id AND roles_users.user_id = 1[0m
  [4;35;1mRole Load (0.3ms)[0m   [0mSELECT * FROM `roles` WHERE (`roles`.`id` = 1) [0m
  [4;36;1mSQL (0.1ms)[0m   [0;1mBEGIN[0m
  [4;35;1mRole Update (0.3ms)[0m   [0mUPDATE `roles` SET `description` = '' WHERE `id` = 1[0m
  [4;36;1mSQL (0.2ms)[0m   [0;1mCOMMIT[0m
  [4;35;1mPermission Load (1.9ms)[0m   [0mSELECT * FROM `permissions` INNER JOIN `permissions_roles` ON `permissions`.id = `permissions_roles`.permission_id WHERE (`permissions_roles`.role_id = 1 ) ORDER BY title[0m
  [4;36;1mPermission Load (1.6ms)[0m   [0;1mSELECT * FROM `permissions` WHERE (`permissions`.`id` = 14) [0m
  [4;35;1mSQL (0.1ms)[0m   [0mBEGIN[0m
  [4;36;1mSQL (2.5ms)[0m   [0;1mdescribe `permissions_roles`[0m
  [4;35;1mSQL (0.3ms)[0m   [0mINSERT INTO `permissions_roles` (`permission_id`, `role_id`) VALUES (14, 1)[0m
  [4;36;1mSQL (0.1ms)[0m   [0;1mCOMMIT[0m
  [4;35;1mPermission Load (0.2ms)[0m   [0mSELECT * FROM `permissions` WHERE (`permissions`.`id` = 15) [0m
  [4;36;1mSQL (0.1ms)[0m   [0;1mBEGIN[0m
  [4;35;1mSQL (2.5ms)[0m   [0mdescribe `permissions_roles`[0m
  [4;36;1mSQL (0.2ms)[0m   [0;1mINSERT INTO `permissions_roles` (`permission_id`, `role_id`) VALUES (15, 1)[0m
  [4;35;1mSQL (0.1ms)[0m   [0mCOMMIT[0m
  [4;36;1mPermission Load (0.2ms)[0m   [0;1mSELECT * FROM `permissions` WHERE (`permissions`.`id` = 12) [0m
  [4;35;1mSQL (0.1ms)[0m   [0mBEGIN[0m
  [4;36;1mSQL (1.0ms)[0m   [0;1mdescribe `permissions_roles`[0m
  [4;35;1mSQL (1.3ms)[0m   [0mINSERT INTO `permissions_roles` (`permission_id`, `role_id`) VALUES (12, 1)[0m
  [4;36;1mSQL (0.1ms)[0m   [0;1mCOMMIT[0m
  [4;35;1mPermission Load (0.2ms)[0m   [0mSELECT * FROM `permissions` WHERE (`permissions`.`id` = 9) [0m
  [4;36;1mSQL (0.1ms)[0m   [0;1mBEGIN[0m
  [4;35;1mSQL (1.7ms)[0m   [0mdescribe `permissions_roles`[0m
  [4;36;1mSQL (0.3ms)[0m   [0;1mINSERT INTO `permissions_roles` (`permission_id`, `role_id`) VALUES (9, 1)[0m
  [4;35;1mSQL (0.1ms)[0m   [0mCOMMIT[0m
  [4;36;1mPermission Load (1.4ms)[0m   [0;1mSELECT * FROM `permissions` WHERE (`permissions`.`id` = 13) [0m
  [4;35;1mSQL (0.1ms)[0m   [0mBEGIN[0m
  [4;36;1mSQL (1.0ms)[0m   [0;1mdescribe `permissions_roles`[0m
  [4;35;1mSQL (0.6ms)[0m   [0mINSERT INTO `permissions_roles` (`permission_id`, `role_id`) VALUES (13, 1)[0m
  [4;36;1mSQL (0.1ms)[0m   [0;1mCOMMIT[0m
  [4;35;1mPermission Load (0.2ms)[0m   [0mSELECT * FROM `permissions` WHERE (`permissions`.`id` = 10) [0m
  [4;36;1mSQL (0.1ms)[0m   [0;1mBEGIN[0m
  [4;35;1mSQL (0.9ms)[0m   [0mdescribe `permissions_roles`[0m
  [4;36;1mSQL (0.4ms)[0m   [0;1mINSERT INTO `permissions_roles` (`permission_id`, `role_id`) VALUES (10, 1)[0m
  [4;35;1mSQL (0.1ms)[0m   [0mCOMMIT[0m
  [4;36;1mPermission Load (0.2ms)[0m   [0;1mSELECT * FROM `permissions` WHERE (`permissions`.`id` = 11) [0m
  [4;35;1mSQL (0.1ms)[0m   [0mBEGIN[0m
  [4;36;1mSQL (0.9ms)[0m   [0;1mdescribe `permissions_roles`[0m
  [4;35;1mSQL (0.6ms)[0m   [0mINSERT INTO `permissions_roles` (`permission_id`, `role_id`) VALUES (11, 1)[0m
  [4;36;1mSQL (0.6ms)[0m   [0;1mCOMMIT[0m
  [4;35;1mPermission Load (0.6ms)[0m   [0mSELECT * FROM `permissions` WHERE (`permissions`.`id` = 21) [0m
  [4;36;1mSQL (0.1ms)[0m   [0;1mBEGIN[0m
  [4;35;1mSQL (1.1ms)[0m   [0mdescribe `permissions_roles`[0m
  [4;36;1mSQL (0.4ms)[0m   [0;1mINSERT INTO `permissions_roles` (`permission_id`, `role_id`) VALUES (21, 1)[0m
  [4;35;1mSQL (0.1ms)[0m   [0mCOMMIT[0m
  [4;36;1mPermission Load (0.2ms)[0m   [0;1mSELECT * FROM `permissions` WHERE (`permissions`.`id` = 22) [0m
  [4;35;1mSQL (0.1ms)[0m   [0mBEGIN[0m
  [4;36;1mSQL (1.0ms)[0m   [0;1mdescribe `permissions_roles`[0m
  [4;35;1mSQL (0.4ms)[0m   [0mINSERT INTO `permissions_roles` (`permission_id`, `role_id`) VALUES (22, 1)[0m
  [4;36;1mSQL (0.1ms)[0m   [0;1mCOMMIT[0m
  [4;35;1mPermission Load (0.2ms)[0m   [0mSELECT * FROM `permissions` WHERE (`permissions`.`id` = 19) [0m
  [4;36;1mSQL (0.1ms)[0m   [0;1mBEGIN[0m
  [4;35;1mSQL (1.4ms)[0m   [0mdescribe `permissions_roles`[0m
  [4;36;1mSQL (0.6ms)[0m   [0;1mINSERT INTO `permissions_roles` (`permission_id`, `role_id`) VALUES (19, 1)[0m
  [4;35;1mSQL (0.2ms)[0m   [0mCOMMIT[0m
  [4;36;1mPermission Load (0.2ms)[0m   [0;1mSELECT * FROM `permissions` WHERE (`permissions`.`id` = 16) [0m
  [4;35;1mSQL (0.1ms)[0m   [0mBEGIN[0m
  [4;36;1mSQL (1.4ms)[0m   [0;1mdescribe `permissions_roles`[0m
  [4;35;1mSQL (0.4ms)[0m   [0mINSERT INTO `permissions_roles` (`permission_id`, `role_id`) VALUES (16, 1)[0m
  [4;36;1mSQL (0.1ms)[0m   [0;1mCOMMIT[0m
  [4;35;1mPermission Load (0.2ms)[0m   [0mSELECT * FROM `permissions` WHERE (`permissions`.`id` = 20) [0m
  [4;36;1mSQL (0.1ms)[0m   [0;1mBEGIN[0m
  [4;35;1mSQL (1.0ms)[0m   [0mdescribe `permissions_roles`[0m
  [4;36;1mSQL (0.5ms)[0m   [0;1mINSERT INTO `permissions_roles` (`permission_id`, `role_id`) VALUES (20, 1)[0m
  [4;35;1mSQL (0.1ms)[0m   [0mCOMMIT[0m
  [4;36;1mPermission Load (0.2ms)[0m   [0;1mSELECT * FROM `permissions` WHERE (`permissions`.`id` = 17) [0m
  [4;35;1mSQL (0.1ms)[0m   [0mBEGIN[0m
  [4;36;1mSQL (0.9ms)[0m   [0;1mdescribe `permissions_roles`[0m
  [4;35;1mSQL (1.0ms)[0m   [0mINSERT INTO `permissions_roles` (`permission_id`, `role_id`) VALUES (17, 1)[0m
  [4;36;1mSQL (0.2ms)[0m   [0;1mCOMMIT[0m
  [4;35;1mPermission Load (0.2ms)[0m   [0mSELECT * FROM `permissions` WHERE (`permissions`.`id` = 18) [0m
  [4;36;1mSQL (0.1ms)[0m   [0;1mBEGIN[0m
  [4;35;1mSQL (3.1ms)[0m   [0mdescribe `permissions_roles`[0m
  [4;36;1mSQL (0.2ms)[0m   [0;1mINSERT INTO `permissions_roles` (`permission_id`, `role_id`) VALUES (18, 1)[0m
  [4;35;1mSQL (0.1ms)[0m   [0mCOMMIT[0m
  [4;36;1mPermission Load (0.2ms)[0m   [0;1mSELECT * FROM `permissions` WHERE (`permissions`.`id` = 43) [0m
  [4;35;1mSQL (0.1ms)[0m   [0mBEGIN[0m
  [4;36;1mSQL (1.0ms)[0m   [0;1mdescribe `permissions_roles`[0m
  [4;35;1mSQL (0.4ms)[0m   [0mINSERT INTO `permissions_roles` (`permission_id`, `role_id`) VALUES (43, 1)[0m
  [4;36;1mSQL (0.1ms)[0m   [0;1mCOMMIT[0m
  [4;35;1mPermission Load (0.2ms)[0m   [0mSELECT * FROM `permissions` WHERE (`permissions`.`id` = 44) [0m
  [4;36;1mSQL (0.1ms)[0m   [0;1mBEGIN[0m
  [4;35;1mSQL (1.4ms)[0m   [0mdescribe `permissions_roles`[0m
  [4;36;1mSQL (0.6ms)[0m   [0;1mINSERT INTO `permissions_roles` (`permission_id`, `role_id`) VALUES (44, 1)[0m
  [4;35;1mSQL (0.1ms)[0m   [0mCOMMIT[0m
  [4;36;1mPermission Load (1.3ms)[0m   [0;1mSELECT * FROM `permissions` WHERE (`permissions`.`id` = 41) [0m
  [4;35;1mSQL (0.1ms)[0m   [0mBEGIN[0m
  [4;36;1mSQL (1.0ms)[0m   [0;1mdescribe `permissions_roles`[0m
  [4;35;1mSQL (0.4ms)[0m   [0mINSERT INTO `permissions_roles` (`permission_id`, `role_id`) VALUES (41, 1)[0m
  [4;36;1mSQL (0.1ms)[0m   [0;1mCOMMIT[0m
  [4;35;1mPermission Load (0.2ms)[0m   [0mSELECT * FROM `permissions` WHERE (`permissions`.`id` = 38) [0m
  [4;36;1mSQL (0.1ms)[0m   [0;1mBEGIN[0m
  [4;35;1mSQL (0.9ms)[0m   [0mdescribe `permissions_roles`[0m
  [4;36;1mSQL (1.4ms)[0m   [0;1mINSERT INTO `permissions_roles` (`permission_id`, `role_id`) VALUES (38, 1)[0m
  [4;35;1mSQL (0.1ms)[0m   [0mCOMMIT[0m
  [4;36;1mPermission Load (0.2ms)[0m   [0;1mSELECT * FROM `permissions` WHERE (`permissions`.`id` = 42) [0m
  [4;35;1mSQL (0.1ms)[0m   [0mBEGIN[0m
  [4;36;1mSQL (1.0ms)[0m   [0;1mdescribe `permissions_roles`[0m
  [4;35;1mSQL (0.7ms)[0m   [0mINSERT INTO `permissions_roles` (`permission_id`, `role_id`) VALUES (42, 1)[0m
  [4;36;1mSQL (0.2ms)[0m   [0;1mCOMMIT[0m
  [4;35;1mPermission Load (0.2ms)[0m   [0mSELECT * FROM `permissions` WHERE (`permissions`.`id` = 39) [0m
  [4;36;1mSQL (0.1ms)[0m   [0;1mBEGIN[0m
  [4;35;1mSQL (1.1ms)[0m   [0mdescribe `permissions_roles`[0m
  [4;36;1mSQL (0.7ms)[0m   [0;1mINSERT INTO `permissions_roles` (`permission_id`, `role_id`) VALUES (39, 1)[0m
  [4;35;1mSQL (0.1ms)[0m   [0mCOMMIT[0m
  [4;36;1mPermission Load (0.2ms)[0m   [0;1mSELECT * FROM `permissions` WHERE (`permissions`.`id` = 40) [0m
  [4;35;1mSQL (0.1ms)[0m   [0mBEGIN[0m
  [4;36;1mSQL (1.1ms)[0m   [0;1mdescribe `permissions_roles`[0m
  [4;35;1mSQL (0.2ms)[0m   [0mINSERT INTO `permissions_roles` (`permission_id`, `role_id`) VALUES (40, 1)[0m
  [4;36;1mSQL (0.1ms)[0m   [0;1mCOMMIT[0m
  [4;35;1mPermission Load (0.2ms)[0m   [0mSELECT * FROM `permissions` WHERE (`permissions`.`id` = 36) [0m
  [4;36;1mSQL (0.1ms)[0m   [0;1mBEGIN[0m
  [4;35;1mSQL (1.4ms)[0m   [0mdescribe `permissions_roles`[0m
  [4;36;1mSQL (1.1ms)[0m   [0;1mINSERT INTO `permissions_roles` (`permission_id`, `role_id`) VALUES (36, 1)[0m
  [4;35;1mSQL (0.1ms)[0m   [0mCOMMIT[0m
  [4;36;1mPermission Load (0.2ms)[0m   [0;1mSELECT * FROM `permissions` WHERE (`permissions`.`id` = 37) [0m
  [4;35;1mSQL (0.1ms)[0m   [0mBEGIN[0m
  [4;36;1mSQL (1.1ms)[0m   [0;1mdescribe `permissions_roles`[0m
  [4;35;1mSQL (0.2ms)[0m   [0mINSERT INTO `permissions_roles` (`permission_id`, `role_id`) VALUES (37, 1)[0m
  [4;36;1mSQL (0.1ms)[0m   [0;1mCOMMIT[0m
  [4;35;1mPermission Load (0.2ms)[0m   [0mSELECT * FROM `permissions` WHERE (`permissions`.`id` = 34) [0m
  [4;36;1mSQL (0.1ms)[0m   [0;1mBEGIN[0m
  [4;35;1mSQL (1.5ms)[0m   [0mdescribe `permissions_roles`[0m
  [4;36;1mSQL (0.4ms)[0m   [0;1mINSERT INTO `permissions_roles` (`permission_id`, `role_id`) VALUES (34, 1)[0m
  [4;35;1mSQL (0.2ms)[0m   [0mCOMMIT[0m
  [4;36;1mPermission Load (0.3ms)[0m   [0;1mSELECT * FROM `permissions` WHERE (`permissions`.`id` = 31) [0m
  [4;35;1mSQL (0.1ms)[0m   [0mBEGIN[0m
  [4;36;1mSQL (1.8ms)[0m   [0;1mdescribe `permissions_roles`[0m
  [4;35;1mSQL (0.6ms)[0m   [0mINSERT INTO `permissions_roles` (`permission_id`, `role_id`) VALUES (31, 1)[0m
  [4;36;1mSQL (0.1ms)[0m   [0;1mCOMMIT[0m
  [4;35;1mPermission Load (0.2ms)[0m   [0mSELECT * FROM `permissions` WHERE (`permissions`.`id` = 35) [0m
  [4;36;1mSQL (0.1ms)[0m   [0;1mBEGIN[0m
  [4;35;1mSQL (1.1ms)[0m   [0mdescribe `permissions_roles`[0m
  [4;36;1mSQL (0.4ms)[0m   [0;1mINSERT INTO `permissions_roles` (`permission_id`, `role_id`) VALUES (35, 1)[0m
  [4;35;1mSQL (0.1ms)[0m   [0mCOMMIT[0m
  [4;36;1mPermission Load (0.2ms)[0m   [0;1mSELECT * FROM `permissions` WHERE (`permissions`.`id` = 32) [0m
  [4;35;1mSQL (0.1ms)[0m   [0mBEGIN[0m
  [4;36;1mSQL (1.0ms)[0m   [0;1mdescribe `permissions_roles`[0m
  [4;35;1mSQL (0.4ms)[0m   [0mINSERT INTO `permissions_roles` (`permission_id`, `role_id`) VALUES (32, 1)[0m
  [4;36;1mSQL (0.1ms)[0m   [0;1mCOMMIT[0m
  [4;35;1mPermission Load (0.2ms)[0m   [0mSELECT * FROM `permissions` WHERE (`permissions`.`id` = 33) [0m
  [4;36;1mSQL (0.1ms)[0m   [0;1mBEGIN[0m
  [4;35;1mSQL (1.3ms)[0m   [0mdescribe `permissions_roles`[0m
  [4;36;1mSQL (1.0ms)[0m   [0;1mINSERT INTO `permissions_roles` (`permission_id`, `role_id`) VALUES (33, 1)[0m
  [4;35;1mSQL (0.1ms)[0m   [0mCOMMIT[0m
  [4;36;1mPermission Load (0.2ms)[0m   [0;1mSELECT * FROM `permissions` WHERE (`permissions`.`id` = 7) [0m
  [4;35;1mSQL (0.1ms)[0m   [0mBEGIN[0m
  [4;36;1mSQL (1.1ms)[0m   [0;1mdescribe `permissions_roles`[0m
  [4;35;1mSQL (0.8ms)[0m   [0mINSERT INTO `permissions_roles` (`permission_id`, `role_id`) VALUES (7, 1)[0m
  [4;36;1mSQL (0.1ms)[0m   [0;1mCOMMIT[0m
  [4;35;1mPermission Load (0.2ms)[0m   [0mSELECT * FROM `permissions` WHERE (`permissions`.`id` = 8) [0m
  [4;36;1mSQL (0.1ms)[0m   [0;1mBEGIN[0m
  [4;35;1mSQL (1.0ms)[0m   [0mdescribe `permissions_roles`[0m
  [4;36;1mSQL (0.9ms)[0m   [0;1mINSERT INTO `permissions_roles` (`permission_id`, `role_id`) VALUES (8, 1)[0m
  [4;35;1mSQL (0.1ms)[0m   [0mCOMMIT[0m
  [4;36;1mPermission Load (0.2ms)[0m   [0;1mSELECT * FROM `permissions` WHERE (`permissions`.`id` = 6) [0m
  [4;35;1mSQL (0.1ms)[0m   [0mBEGIN[0m
  [4;36;1mSQL (1.6ms)[0m   [0;1mdescribe `permissions_roles`[0m
  [4;35;1mSQL (0.4ms)[0m   [0mINSERT INTO `permissions_roles` (`permission_id`, `role_id`) VALUES (6, 1)[0m
  [4;36;1mSQL (0.1ms)[0m   [0;1mCOMMIT[0m
  [4;35;1mPermission Load (0.2ms)[0m   [0mSELECT * FROM `permissions` WHERE (`permissions`.`id` = 29) [0m
  [4;36;1mSQL (0.1ms)[0m   [0;1mBEGIN[0m
  [4;35;1mSQL (1.5ms)[0m   [0mdescribe `permissions_roles`[0m
  [4;36;1mSQL (0.9ms)[0m   [0;1mINSERT INTO `permissions_roles` (`permission_id`, `role_id`) VALUES (29, 1)[0m
  [4;35;1mSQL (0.1ms)[0m   [0mCOMMIT[0m
  [4;36;1mPermission Load (0.2ms)[0m   [0;1mSELECT * FROM `permissions` WHERE (`permissions`.`id` = 30) [0m
  [4;35;1mSQL (0.1ms)[0m   [0mBEGIN[0m
  [4;36;1mSQL (1.0ms)[0m   [0;1mdescribe `permissions_roles`[0m
  [4;35;1mSQL (0.3ms)[0m   [0mINSERT INTO `permissions_roles` (`permission_id`, `role_id`) VALUES (30, 1)[0m
  [4;36;1mSQL (0.1ms)[0m   [0;1mCOMMIT[0m
  [4;35;1mPermission Load (0.2ms)[0m   [0mSELECT * FROM `permissions` WHERE (`permissions`.`id` = 27) [0m
  [4;36;1mSQL (0.1ms)[0m   [0;1mBEGIN[0m
  [4;35;1mSQL (1.0ms)[0m   [0mdescribe `permissions_roles`[0m
  [4;36;1mSQL (0.7ms)[0m   [0;1mINSERT INTO `permissions_roles` (`permission_id`, `role_id`) VALUES (27, 1)[0m
  [4;35;1mSQL (0.1ms)[0m   [0mCOMMIT[0m
  [4;36;1mPermission Load (0.2ms)[0m   [0;1mSELECT * FROM `permissions` WHERE (`permissions`.`id` = 23) [0m
  [4;35;1mSQL (0.1ms)[0m   [0mBEGIN[0m
  [4;36;1mSQL (1.0ms)[0m   [0;1mdescribe `permissions_roles`[0m
  [4;35;1mSQL (0.2ms)[0m   [0mINSERT INTO `permissions_roles` (`permission_id`, `role_id`) VALUES (23, 1)[0m
  [4;36;1mSQL (0.1ms)[0m   [0;1mCOMMIT[0m
  [4;35;1mPermission Load (0.2ms)[0m   [0mSELECT * FROM `permissions` WHERE (`permissions`.`id` = 28) [0m
  [4;36;1mSQL (0.1ms)[0m   [0;1mBEGIN[0m
  [4;35;1mSQL (1.3ms)[0m   [0mdescribe `permissions_roles`[0m
  [4;36;1mSQL (0.6ms)[0m   [0;1mINSERT INTO `permissions_roles` (`permission_id`, `role_id`) VALUES (28, 1)[0m
  [4;35;1mSQL (0.1ms)[0m   [0mCOMMIT[0m
  [4;36;1mPermission Load (0.2ms)[0m   [0;1mSELECT * FROM `permissions` WHERE (`permissions`.`id` = 25) [0m
  [4;35;1mSQL (0.1ms)[0m   [0mBEGIN[0m
  [4;36;1mSQL (1.3ms)[0m   [0;1mdescribe `permissions_roles`[0m
  [4;35;1mSQL (0.2ms)[0m   [0mINSERT INTO `permissions_roles` (`permission_id`, `role_id`) VALUES (25, 1)[0m
  [4;36;1mSQL (0.1ms)[0m   [0;1mCOMMIT[0m
  [4;35;1mPermission Load (0.2ms)[0m   [0mSELECT * FROM `permissions` WHERE (`permissions`.`id` = 24) [0m
  [4;36;1mSQL (0.1ms)[0m   [0;1mBEGIN[0m
  [4;35;1mSQL (1.1ms)[0m   [0mdescribe `permissions_roles`[0m
  [4;36;1mSQL (0.2ms)[0m   [0;1mINSERT INTO `permissions_roles` (`permission_id`, `role_id`) VALUES (24, 1)[0m
  [4;35;1mSQL (0.1ms)[0m   [0mCOMMIT[0m
  [4;36;1mPermission Load (0.2ms)[0m   [0;1mSELECT * FROM `permissions` WHERE (`permissions`.`id` = 26) [0m
  [4;35;1mSQL (0.1ms)[0m   [0mBEGIN[0m
  [4;36;1mSQL (1.1ms)[0m   [0;1mdescribe `permissions_roles`[0m
  [4;35;1mSQL (0.6ms)[0m   [0mINSERT INTO `permissions_roles` (`permission_id`, `role_id`) VALUES (26, 1)[0m
  [4;36;1mSQL (0.1ms)[0m   [0;1mCOMMIT[0m
Redirected to http://localhost:3000/roles/1
Completed in 252ms (DB: 99) | 302 Found [http://localhost/roles/1]
OpenIdAuthentication.store is nil. Using in-memory store.
  [4;35;1mSQL (0.1ms)[0m   [0mSET NAMES 'utf8'[0m
  [4;36;1mSQL (0.1ms)[0m   [0;1mSET SQL_AUTO_IS_NULL=0[0m


Processing RolesController#show (for 127.0.0.1 at 2010-04-06 17:24:44) [GET]
  Parameters: {"id"=>"1"}
  [4;35;1mUser Load (0.3ms)[0m   [0mSELECT * FROM `users` WHERE (`users`.`id` = 1) LIMIT 1[0m
  [4;36;1mPermission Load (0.6ms)[0m   [0;1mSELECT permissions.* FROM permissions, permissions_roles, roles_users WHERE permissions.id = permissions_roles.permission_id AND permissions_roles.role_id = roles_users.role_id AND roles_users.user_id = 1[0m
  [4;35;1mRole Load (0.2ms)[0m   [0mSELECT * FROM `roles` WHERE (`roles`.`id` = 1) [0m
Rendering template within layouts/application
Rendering roles/show
  [4;36;1mPermission Load (2.3ms)[0m   [0;1mSELECT * FROM `permissions` INNER JOIN `permissions_roles` ON `permissions`.id = `permissions_roles`.permission_id WHERE (`permissions_roles`.role_id = 1 ) ORDER BY title[0m
  [4;35;1mCACHE (0.0ms)[0m   [0mSELECT permissions.* FROM permissions, permissions_roles, roles_users WHERE permissions.id = permissions_roles.permission_id AND permissions_roles.role_id = roles_users.role_id AND roles_users.user_id = 1[0m
Rendered roles/_persistent_links (1.4ms)
Rendered sessions/_language_options (1.2ms)
Rendered main/_login_status (0.3ms)
Rendered main/_banner_start (2.8ms)
Rendered main/_flash_notice (0.1ms)
Rendered main/_header (9.4ms)
Rendered main/_footer (0.4ms)
Rendered main/_layout (10.7ms)
Completed in 33ms (View: 20, DB: 4) | 200 OK [http://localhost/roles/1]
OpenIdAuthentication.store is nil. Using in-memory store.
  [4;36;1mSQL (0.1ms)[0m   [0;1mSET NAMES 'utf8'[0m
  [4;35;1mSQL (0.1ms)[0m   [0mSET SQL_AUTO_IS_NULL=0[0m


Processing ElementsController#index (for 127.0.0.1 at 2010-04-06 17:24:54) [GET]
  [4;36;1mElement Load (0.3ms)[0m   [0;1mSELECT * FROM `elements` [0m
Rendering template within layouts/application
Rendering elements/index
Rendered sessions/_language_options (1.3ms)
  [4;35;1mUser Load (0.3ms)[0m   [0mSELECT * FROM `users` WHERE (`users`.`id` = 1) LIMIT 1[0m
Rendered main/_login_status (1.4ms)
Rendered main/_banner_start (4.0ms)
Rendered main/_flash_notice (0.1ms)
Rendered main/_header (6.9ms)
Rendered main/_footer (0.5ms)
Rendered main/_layout (8.1ms)
Completed in 30ms (View: 10, DB: 1) | 200 OK [http://localhost/]
OpenIdAuthentication.store is nil. Using in-memory store.
  [4;36;1mSQL (0.1ms)[0m   [0;1mSET NAMES 'utf8'[0m
  [4;35;1mSQL (0.1ms)[0m   [0mSET SQL_AUTO_IS_NULL=0[0m


Processing ElementsController#new (for 127.0.0.1 at 2010-04-06 17:24:59) [GET]
  [4;36;1mUser Load (0.3ms)[0m   [0;1mSELECT * FROM `users` WHERE (`users`.`id` = 1) LIMIT 1[0m
  [4;35;1mPermission Load (0.6ms)[0m   [0mSELECT permissions.* FROM permissions, permissions_roles, roles_users WHERE permissions.id = permissions_roles.permission_id AND permissions_roles.role_id = roles_users.role_id AND roles_users.user_id = 1[0m
  [4;36;1mElement Columns (2.1ms)[0m   [0;1mSHOW FIELDS FROM `elements`[0m
Rendering template within layouts/application
Rendering elements/new
Rendered sessions/_language_options (1.2ms)
Rendered main/_login_status (0.4ms)
Rendered main/_banner_start (74.7ms)
Rendered main/_flash_notice (0.1ms)
Rendered main/_header (77.5ms)
Rendered main/_footer (0.5ms)
Rendered main/_layout (78.7ms)
Completed in 105ms (View: 89, DB: 3) | 200 OK [http://localhost/elements/new]
OpenIdAuthentication.store is nil. Using in-memory store.
  [4;35;1mSQL (0.1ms)[0m   [0mSET NAMES 'utf8'[0m
  [4;36;1mSQL (0.1ms)[0m   [0;1mSET SQL_AUTO_IS_NULL=0[0m


Processing ElementsController#new (for 127.0.0.1 at 2010-04-06 17:27:58) [GET]
  [4;35;1mUser Load (0.3ms)[0m   [0mSELECT * FROM `users` WHERE (`users`.`id` = 1) LIMIT 1[0m
  [4;36;1mPermission Load (0.6ms)[0m   [0;1mSELECT permissions.* FROM permissions, permissions_roles, roles_users WHERE permissions.id = permissions_roles.permission_id AND permissions_roles.role_id = roles_users.role_id AND roles_users.user_id = 1[0m
  [4;35;1mElement Columns (5.7ms)[0m   [0mSHOW FIELDS FROM `elements`[0m
Rendering template within layouts/application
Rendering elements/new
Rendered sessions/_language_options (1.6ms)
Rendered main/_login_status (0.3ms)
Rendered main/_banner_start (3.4ms)
Rendered main/_flash_notice (0.1ms)
Rendered main/_header (6.5ms)
Rendered main/_footer (0.4ms)
Rendered main/_layout (7.7ms)
Completed in 53ms (View: 28, DB: 7) | 200 OK [http://localhost/elements/new]
OpenIdAuthentication.store is nil. Using in-memory store.
  [4;36;1mSQL (0.1ms)[0m   [0;1mSET NAMES 'utf8'[0m
  [4;35;1mSQL (0.1ms)[0m   [0mSET SQL_AUTO_IS_NULL=0[0m


Processing ElementsController#index (for 127.0.0.1 at 2010-04-06 17:28:01) [GET]
  [4;36;1mElement Load (0.3ms)[0m   [0;1mSELECT * FROM `elements` [0m
Rendering template within layouts/application
Rendering elements/index
Rendered sessions/_language_options (1.1ms)
  [4;35;1mUser Load (0.3ms)[0m   [0mSELECT * FROM `users` WHERE (`users`.`id` = 1) LIMIT 1[0m
Rendered main/_login_status (1.4ms)
Rendered main/_banner_start (3.8ms)
Rendered main/_flash_notice (0.1ms)
Rendered main/_header (6.5ms)
Rendered main/_footer (0.5ms)
Rendered main/_layout (7.7ms)
Completed in 28ms (View: 14, DB: 1) | 200 OK [http://localhost/]
OpenIdAuthentication.store is nil. Using in-memory store.
  [4;36;1mSQL (0.1ms)[0m   [0;1mSET NAMES 'utf8'[0m
  [4;35;1mSQL (0.1ms)[0m   [0mSET SQL_AUTO_IS_NULL=0[0m


Processing ElementsController#new (for 127.0.0.1 at 2010-04-06 17:28:27) [GET]
  [4;36;1mUser Load (0.6ms)[0m   [0;1mSELECT * FROM `users` WHERE (`users`.`id` = 1) LIMIT 1[0m
  [4;35;1mPermission Load (1.0ms)[0m   [0mSELECT permissions.* FROM permissions, permissions_roles, roles_users WHERE permissions.id = permissions_roles.permission_id AND permissions_roles.role_id = roles_users.role_id AND roles_users.user_id = 1[0m
  [4;36;1mElement Columns (2.0ms)[0m   [0;1mSHOW FIELDS FROM `elements`[0m
Rendering template within layouts/application
Rendering elements/new
Rendered sessions/_language_options (1.1ms)
Rendered main/_login_status (0.2ms)
Rendered main/_banner_start (2.6ms)
Rendered main/_flash_notice (0.1ms)
Rendered main/_header (7.8ms)
Rendered main/_footer (0.4ms)
Rendered main/_layout (8.9ms)
Completed in 37ms (View: 15, DB: 4) | 200 OK [http://localhost/elements/new]
OpenIdAuthentication.store is nil. Using in-memory store.
  [4;36;1mSQL (154.1ms)[0m   [0;1mSET NAMES 'utf8'[0m
  [4;35;1mSQL (49.4ms)[0m   [0mSET SQL_AUTO_IS_NULL=0[0m


Processing ElementsController#new (for 127.0.0.1 at 2010-04-06 21:49:02) [GET]
  [4;36;1mUser Columns (212.1ms)[0m   [0;1mSHOW FIELDS FROM `users`[0m
  [4;35;1mUser Load (52.8ms)[0m   [0mSELECT * FROM `users` WHERE (`users`.`id` = 1) LIMIT 1[0m
  [4;36;1mPermission Load (50.3ms)[0m   [0;1mSELECT permissions.* FROM permissions, permissions_roles, roles_users WHERE permissions.id = permissions_roles.permission_id AND permissions_roles.role_id = roles_users.role_id AND roles_users.user_id = 1[0m
  [4;35;1mPermission Columns (3.8ms)[0m   [0mSHOW FIELDS FROM `permissions`[0m
  [4;36;1mElement Columns (120.1ms)[0m   [0;1mSHOW FIELDS FROM `elements`[0m
Cache miss: category-272 ({})
Cache write (will save 270.32ms): category-272
Rendering template within layouts/application
Rendering elements/new

ActionView::TemplateError (undefined method `category' for #<Element:0x103552900>) on line #8 of app/views/elements/_form.html.erb:
5: </p>
6: <p>
7: <%= f.label :category_id %><br />
8: <%= category_selector(@category, :element, :category, true, :singleSelectionTree => 'true') %>
9: 
10: </p>
11: <p>

    vendor/plugins/kmaps_integration/app/helpers/topical_map_categories_helper.rb:42:in `send'
    vendor/plugins/kmaps_integration/app/helpers/topical_map_categories_helper.rb:42:in `category_selector'
    app/views/elements/_form.html.erb:8
    app/views/elements/new.html.erb:4
    app/views/elements/new.html.erb:3
    app/controllers/elements_controller.rb:29:in `new'

Rendered rescues/_trace (133.3ms)
Rendered rescues/_request_and_response (1.3ms)
Rendering rescues/layout (internal_server_error)
OpenIdAuthentication.store is nil. Using in-memory store.
  [4;36;1mSQL (0.1ms)[0m   [0;1mSET NAMES 'utf8'[0m
  [4;35;1mSQL (0.1ms)[0m   [0mSET SQL_AUTO_IS_NULL=0[0m


Processing ElementsController#new (for 127.0.0.1 at 2010-04-06 21:50:48) [GET]
  [4;36;1mUser Columns (83.3ms)[0m   [0;1mSHOW FIELDS FROM `users`[0m
  [4;35;1mUser Load (0.3ms)[0m   [0mSELECT * FROM `users` WHERE (`users`.`id` = 1) LIMIT 1[0m
  [4;36;1mPermission Load (0.9ms)[0m   [0;1mSELECT permissions.* FROM permissions, permissions_roles, roles_users WHERE permissions.id = permissions_roles.permission_id AND permissions_roles.role_id = roles_users.role_id AND roles_users.user_id = 1[0m
  [4;35;1mPermission Columns (2.1ms)[0m   [0mSHOW FIELDS FROM `permissions`[0m
  [4;36;1mElement Columns (18.7ms)[0m   [0;1mSHOW FIELDS FROM `elements`[0m
Cache miss: category-272 ({})
Cache write (will save 70.10ms): category-272
Rendering template within layouts/application
Rendering elements/new
Rendered elements/_form (5.2ms)
Rendered sessions/_language_options (40.8ms)
Rendered main/_login_status (162.8ms)
Rendered main/_banner_start (217.6ms)
Rendered main/_flash_notice (1.6ms)
Rendered main/_header (235.3ms)
Rendered main/_footer (1.7ms)
Rendered main/_layout (246.4ms)
Completed in 551ms (View: 323, DB: 106) | 200 OK [http://localhost/elements/new]
OpenIdAuthentication.store is nil. Using in-memory store.
  [4;36;1mSQL (0.2ms)[0m   [0;1mSET NAMES 'utf8'[0m
  [4;35;1mSQL (0.1ms)[0m   [0mSET SQL_AUTO_IS_NULL=0[0m


Processing ElementsController#new (for 127.0.0.1 at 2010-04-06 22:04:41) [GET]
  [4;36;1mUser Columns (1.6ms)[0m   [0;1mSHOW FIELDS FROM `users`[0m
  [4;35;1mUser Load (0.3ms)[0m   [0mSELECT * FROM `users` WHERE (`users`.`id` = 1) LIMIT 1[0m
  [4;36;1mPermission Load (0.7ms)[0m   [0;1mSELECT permissions.* FROM permissions, permissions_roles, roles_users WHERE permissions.id = permissions_roles.permission_id AND permissions_roles.role_id = roles_users.role_id AND roles_users.user_id = 1[0m
  [4;35;1mPermission Columns (21.2ms)[0m   [0mSHOW FIELDS FROM `permissions`[0m
  [4;36;1mElement Columns (1.8ms)[0m   [0;1mSHOW FIELDS FROM `elements`[0m
Cache miss: category-272 ({})
Cache write (will save 155.27ms): category-272
Rendering template within layouts/application
Rendering elements/new
Rendered elements/_form (16.0ms)
Rendered sessions/_language_options (2.5ms)
Rendered main/_login_status (27.5ms)
Rendered main/_banner_start (111.8ms)
Rendered main/_flash_notice (1.1ms)
Rendered main/_header (126.6ms)
Rendered main/_footer (1.7ms)
Rendered main/_layout (138.1ms)
Completed in 587ms (View: 240, DB: 26) | 200 OK [http://localhost/elements/new]
OpenIdAuthentication.store is nil. Using in-memory store.
  [4;35;1mSQL (0.1ms)[0m   [0mSET NAMES 'utf8'[0m
  [4;36;1mSQL (0.1ms)[0m   [0;1mSET SQL_AUTO_IS_NULL=0[0m


Processing ApplicationController#index (for 127.0.0.1 at 2010-04-06 22:04:41) [GET]

ActionController::RoutingError (No route matches "/javascripts/jquery.js" with {:method=>:get}):
  

Rendering rescues/layout (not_found)
OpenIdAuthentication.store is nil. Using in-memory store.
  [4;35;1mSQL (0.1ms)[0m   [0mSET NAMES 'utf8'[0m
  [4;36;1mSQL (0.1ms)[0m   [0;1mSET SQL_AUTO_IS_NULL=0[0m


Processing ApplicationController#index (for 127.0.0.1 at 2010-04-06 22:04:41) [GET]

ActionController::RoutingError (No route matches "/javascripts/jquery-ui.js" with {:method=>:get}):
  

Rendering rescues/layout (not_found)
OpenIdAuthentication.store is nil. Using in-memory store.
  [4;35;1mSQL (0.1ms)[0m   [0mSET NAMES 'utf8'[0m
  [4;36;1mSQL (0.1ms)[0m   [0;1mSET SQL_AUTO_IS_NULL=0[0m


Processing ApplicationController#index (for 127.0.0.1 at 2010-04-06 22:04:41) [GET]

ActionController::RoutingError (No route matches "/javascripts/jrails.js" with {:method=>:get}):
  

Rendering rescues/layout (not_found)
OpenIdAuthentication.store is nil. Using in-memory store.
  [4;35;1mSQL (0.1ms)[0m   [0mSET NAMES 'utf8'[0m
  [4;36;1mSQL (0.1ms)[0m   [0;1mSET SQL_AUTO_IS_NULL=0[0m


Processing ElementsController#new (for 127.0.0.1 at 2010-04-06 22:04:53) [GET]
  [4;35;1mUser Load (0.3ms)[0m   [0mSELECT * FROM `users` WHERE (`users`.`id` = 1) LIMIT 1[0m
  [4;36;1mPermission Load (0.6ms)[0m   [0;1mSELECT permissions.* FROM permissions, permissions_roles, roles_users WHERE permissions.id = permissions_roles.permission_id AND permissions_roles.role_id = roles_users.role_id AND roles_users.user_id = 1[0m
  [4;35;1mElement Columns (4.3ms)[0m   [0mSHOW FIELDS FROM `elements`[0m
Cache hit: category-272 ({})
Rendering template within layouts/application
Rendering elements/new
Rendered elements/_form (4.4ms)
Rendered sessions/_language_options (1.1ms)
Rendered main/_login_status (0.2ms)
Rendered main/_banner_start (2.6ms)
Rendered main/_flash_notice (0.1ms)
Rendered main/_header (4.8ms)
Rendered main/_footer (0.4ms)
Rendered main/_layout (6.3ms)
Completed in 39ms (View: 16, DB: 5) | 200 OK [http://localhost/elements/new]
OpenIdAuthentication.store is nil. Using in-memory store.
  [4;36;1mSQL (0.1ms)[0m   [0;1mSET NAMES 'utf8'[0m
  [4;35;1mSQL (0.1ms)[0m   [0mSET SQL_AUTO_IS_NULL=0[0m


Processing ApplicationController#index (for 127.0.0.1 at 2010-04-06 22:04:53) [GET]

ActionController::RoutingError (No route matches "/javascripts/jquery.js" with {:method=>:get}):
  

Rendering rescues/layout (not_found)
OpenIdAuthentication.store is nil. Using in-memory store.
  [4;36;1mSQL (0.1ms)[0m   [0;1mSET NAMES 'utf8'[0m
  [4;35;1mSQL (0.1ms)[0m   [0mSET SQL_AUTO_IS_NULL=0[0m


Processing ApplicationController#index (for 127.0.0.1 at 2010-04-06 22:04:53) [GET]

ActionController::RoutingError (No route matches "/javascripts/jquery-ui.js" with {:method=>:get}):
  

Rendering rescues/layout (not_found)
OpenIdAuthentication.store is nil. Using in-memory store.
  [4;36;1mSQL (0.1ms)[0m   [0;1mSET NAMES 'utf8'[0m
  [4;35;1mSQL (0.1ms)[0m   [0mSET SQL_AUTO_IS_NULL=0[0m


Processing ApplicationController#index (for 127.0.0.1 at 2010-04-06 22:04:54) [GET]

ActionController::RoutingError (No route matches "/javascripts/jrails.js" with {:method=>:get}):
  

Rendering rescues/layout (not_found)
OpenIdAuthentication.store is nil. Using in-memory store.
  [4;36;1mSQL (0.1ms)[0m   [0;1mSET NAMES 'utf8'[0m
  [4;35;1mSQL (0.1ms)[0m   [0mSET SQL_AUTO_IS_NULL=0[0m


Processing ApplicationController#index (for 127.0.0.1 at 2010-04-06 22:04:54) [GET]

ActionController::RoutingError (No route matches "/javascripts/jrails.js" with {:method=>:get}):
  

Rendering rescues/layout (not_found)
OpenIdAuthentication.store is nil. Using in-memory store.
  [4;36;1mSQL (0.2ms)[0m   [0;1mSET NAMES 'utf8'[0m
  [4;35;1mSQL (0.1ms)[0m   [0mSET SQL_AUTO_IS_NULL=0[0m


Processing ElementsController#new (for 127.0.0.1 at 2010-04-06 22:07:52) [GET]
  [4;36;1mUser Columns (2.3ms)[0m   [0;1mSHOW FIELDS FROM `users`[0m
  [4;35;1mUser Load (0.3ms)[0m   [0mSELECT * FROM `users` WHERE (`users`.`id` = 1) LIMIT 1[0m
  [4;36;1mPermission Load (0.7ms)[0m   [0;1mSELECT permissions.* FROM permissions, permissions_roles, roles_users WHERE permissions.id = permissions_roles.permission_id AND permissions_roles.role_id = roles_users.role_id AND roles_users.user_id = 1[0m
  [4;35;1mPermission Columns (1.3ms)[0m   [0mSHOW FIELDS FROM `permissions`[0m
  [4;36;1mElement Columns (2.9ms)[0m   [0;1mSHOW FIELDS FROM `elements`[0m
Cache miss: category-272 ({})
Cache write (will save 987.27ms): category-272
Rendering template within layouts/application
Rendering elements/new
Rendered elements/_form (5.4ms)
Rendered sessions/_language_options (1.8ms)
Rendered main/_login_status (2.6ms)
Rendered main/_banner_start (83.9ms)
Rendered main/_flash_notice (0.5ms)
Rendered main/_header (95.7ms)
Rendered main/_footer (1.0ms)
Rendered main/_layout (106.2ms)
Completed in 1170ms (View: 135, DB: 8) | 200 OK [http://localhost/elements/new]
OpenIdAuthentication.store is nil. Using in-memory store.
  [4;35;1mSQL (0.1ms)[0m   [0mSET NAMES 'utf8'[0m
  [4;36;1mSQL (0.1ms)[0m   [0;1mSET SQL_AUTO_IS_NULL=0[0m


Processing ApplicationController#index (for 127.0.0.1 at 2010-04-06 22:07:54) [GET]
  Parameters: {"proxy_url"=>"http://localhost:80/master/kmaps/categories/272/list.json"}

ActionController::RoutingError (No route matches "/proxy_engine/utils/proxy/" with {:method=>:get}):
  

Rendering rescues/layout (not_found)
OpenIdAuthentication.store is nil. Using in-memory store.
  [4;35;1mSQL (0.1ms)[0m   [0mSET NAMES 'utf8'[0m
  [4;36;1mSQL (0.1ms)[0m   [0;1mSET SQL_AUTO_IS_NULL=0[0m


Processing ApplicationController#index (for 127.0.0.1 at 2010-04-06 22:07:54) [GET]
  Parameters: {"proxy_url"=>"http://localhost:80/master/kmaps/categories/272/list.json"}

ActionController::RoutingError (No route matches "/proxy_engine/utils/proxy/" with {:method=>:get}):
  

Rendering rescues/layout (not_found)
OpenIdAuthentication.store is nil. Using in-memory store.
  [4;36;1mSQL (0.2ms)[0m   [0;1mSET NAMES 'utf8'[0m
  [4;35;1mSQL (0.2ms)[0m   [0mSET SQL_AUTO_IS_NULL=0[0m


Processing ElementsController#new (for 127.0.0.1 at 2010-04-06 22:11:54) [GET]
  [4;36;1mUser Columns (2.4ms)[0m   [0;1mSHOW FIELDS FROM `users`[0m
  [4;35;1mUser Load (0.3ms)[0m   [0mSELECT * FROM `users` WHERE (`users`.`id` = 1) LIMIT 1[0m
  [4;36;1mPermission Load (0.7ms)[0m   [0;1mSELECT permissions.* FROM permissions, permissions_roles, roles_users WHERE permissions.id = permissions_roles.permission_id AND permissions_roles.role_id = roles_users.role_id AND roles_users.user_id = 1[0m
  [4;35;1mPermission Columns (1.3ms)[0m   [0mSHOW FIELDS FROM `permissions`[0m
  [4;36;1mElement Columns (2.9ms)[0m   [0;1mSHOW FIELDS FROM `elements`[0m
Cache miss: category-272 ({})
Cache write (will save 177.86ms): category-272
Rendering template within layouts/application
Rendering elements/new
Rendered elements/_form (5.0ms)
Rendered sessions/_language_options (1.8ms)
Rendered main/_login_status (2.4ms)
Rendered main/_banner_start (82.7ms)
Rendered main/_flash_notice (0.5ms)
Rendered main/_header (95.2ms)
Rendered main/_footer (1.1ms)
Rendered main/_layout (105.7ms)
Completed in 363ms (View: 134, DB: 8) | 200 OK [http://localhost/elements/new]
OpenIdAuthentication.store is nil. Using in-memory store.
  [4;35;1mSQL (0.1ms)[0m   [0mSET NAMES 'utf8'[0m
  [4;36;1mSQL (0.1ms)[0m   [0;1mSET SQL_AUTO_IS_NULL=0[0m


Processing ProxyEngine::UtilsController#proxy (for 127.0.0.1 at 2010-04-06 22:11:55) [GET]
  Parameters: {"proxy_url"=>"http://localhost:80/master/kmaps/categories/272/list.json"}
Completed in 9020ms (View: 2, DB: 0) | 200 OK [http://localhost/proxy_engine/utils/proxy/?proxy_url=http://localhost:80/master/kmaps/categories/272/list.json]
OpenIdAuthentication.store is nil. Using in-memory store.
  [4;35;1mSQL (0.1ms)[0m   [0mSET NAMES 'utf8'[0m
  [4;36;1mSQL (0.1ms)[0m   [0;1mSET SQL_AUTO_IS_NULL=0[0m


Processing ProxyEngine::UtilsController#proxy (for 127.0.0.1 at 2010-04-06 22:12:04) [GET]
  Parameters: {"proxy_url"=>"http://localhost:80/master/kmaps/categories/272/list.json"}
Completed in 548ms (View: 2, DB: 0) | 200 OK [http://localhost/proxy_engine/utils/proxy/?proxy_url=http://localhost:80/master/kmaps/categories/272/list.json]
OpenIdAuthentication.store is nil. Using in-memory store.
  [4;36;1mSQL (0.2ms)[0m   [0;1mSET NAMES 'utf8'[0m
  [4;35;1mSQL (0.1ms)[0m   [0mSET SQL_AUTO_IS_NULL=0[0m


Processing ElementsController#new (for 127.0.0.1 at 2010-04-06 22:58:09) [GET]
  [4;36;1mUser Columns (2.2ms)[0m   [0;1mSHOW FIELDS FROM `users`[0m
  [4;35;1mUser Load (0.3ms)[0m   [0mSELECT * FROM `users` WHERE (`users`.`id` = 1) LIMIT 1[0m
  [4;36;1mPermission Load (0.7ms)[0m   [0;1mSELECT permissions.* FROM permissions, permissions_roles, roles_users WHERE permissions.id = permissions_roles.permission_id AND permissions_roles.role_id = roles_users.role_id AND roles_users.user_id = 1[0m
  [4;35;1mPermission Columns (2.2ms)[0m   [0mSHOW FIELDS FROM `permissions`[0m
  [4;36;1mElement Columns (2.3ms)[0m   [0;1mSHOW FIELDS FROM `elements`[0m
Cache miss: category-272 ({})
Cache write (will save 58.43ms): category-272
Rendering template within layouts/application
Rendering elements/new
Rendered elements/_form (4.1ms)
Rendered sessions/_language_options (2.8ms)
Rendered main/_login_status (2.6ms)
Rendered main/_banner_start (84.2ms)
Rendered main/_flash_notice (0.5ms)
Rendered main/_header (97.5ms)
Rendered main/_footer (1.0ms)
Rendered main/_layout (108.1ms)
Completed in 247ms (View: 136, DB: 8) | 200 OK [http://localhost/elements/new]
OpenIdAuthentication.store is nil. Using in-memory store.
  [4;35;1mSQL (0.1ms)[0m   [0mSET NAMES 'utf8'[0m
  [4;36;1mSQL (0.1ms)[0m   [0;1mSET SQL_AUTO_IS_NULL=0[0m


Processing ProxyEngine::UtilsController#proxy (for 127.0.0.1 at 2010-04-06 22:58:10) [GET]
  Parameters: {"proxy_url"=>"http://localhost:80/master/kmaps/categories/272/list.json"}
Completed in 13ms (View: 1, DB: 0) | 200 OK [http://localhost/proxy_engine/utils/proxy/?proxy_url=http://localhost:80/master/kmaps/categories/272/list.json]
OpenIdAuthentication.store is nil. Using in-memory store.
  [4;36;1mSQL (0.2ms)[0m   [0;1mSET NAMES 'utf8'[0m
  [4;35;1mSQL (0.1ms)[0m   [0mSET SQL_AUTO_IS_NULL=0[0m


Processing ElementsController#new (for 127.0.0.1 at 2010-04-06 23:00:44) [GET]
  [4;36;1mUser Columns (2.2ms)[0m   [0;1mSHOW FIELDS FROM `users`[0m
  [4;35;1mUser Load (0.3ms)[0m   [0mSELECT * FROM `users` WHERE (`users`.`id` = 1) LIMIT 1[0m
  [4;36;1mPermission Load (0.7ms)[0m   [0;1mSELECT permissions.* FROM permissions, permissions_roles, roles_users WHERE permissions.id = permissions_roles.permission_id AND permissions_roles.role_id = roles_users.role_id AND roles_users.user_id = 1[0m
  [4;35;1mPermission Columns (1.2ms)[0m   [0mSHOW FIELDS FROM `permissions`[0m
  [4;36;1mElement Columns (1.7ms)[0m   [0;1mSHOW FIELDS FROM `elements`[0m
Cache miss: category-272 ({})
Cache write (will save 85.63ms): category-272
Rendering template within layouts/application
Rendering elements/new
Rendered elements/_form (3.2ms)
Rendered sessions/_language_options (1.9ms)
Rendered main/_login_status (2.6ms)
Rendered main/_banner_start (85.2ms)
Rendered main/_flash_notice (0.5ms)
Rendered main/_header (99.1ms)
Rendered main/_footer (1.0ms)
Rendered main/_layout (109.6ms)
Completed in 270ms (View: 135, DB: 6) | 200 OK [http://localhost/elements/new]
OpenIdAuthentication.store is nil. Using in-memory store.
  [4;35;1mSQL (0.1ms)[0m   [0mSET NAMES 'utf8'[0m
  [4;36;1mSQL (0.1ms)[0m   [0;1mSET SQL_AUTO_IS_NULL=0[0m


Processing ProxyEngine::UtilsController#proxy (for 127.0.0.1 at 2010-04-06 23:00:46) [GET]
  Parameters: {"proxy_url"=>"http://localhost:80/master/kmaps/categories/272/list.json"}
Completed in 14ms (View: 1, DB: 0) | 200 OK [http://localhost/proxy_engine/utils/proxy/?proxy_url=http://localhost:80/master/kmaps/categories/272/list.json]
